#
# A fatal error has been detected by the Java Runtime Environment:
#
#  SIGSEGV (0xb) at pc=0x00007fff2cf11860, pid=15396, tid=6659
#
# JRE version: OpenJDK Runtime Environment (14.0.2+12) (build 14.0.2+12-46)
# Java VM: OpenJDK 64-Bit Server VM (14.0.2+12-46, mixed mode, sharing, tiered, compressed oops, g1 gc, bsd-amd64)
# Problematic frame:
# C  [HIToolbox+0x25860]  HIMenuBarView::MeasureAppMenus()+0x168
#
# No core dump will be written. Core dumps have been disabled. To enable core dumping, try "ulimit -c unlimited" before starting Java again
#
# If you would like to submit a bug report, please visit:
#   https://bugreport.java.com/bugreport/crash.jsp
# The crash happened outside the Java Virtual Machine in native code.
# See problematic frame for where to report the bug.
#

---------------  S U M M A R Y ------------

Command Line: -Dfile.encoding=UTF-8 -Duser.country=CZ -Duser.language=en -Duser.variant cz.educanet.Main

Host: MacBookPro9,2 x86_64 2500 MHz, 4 cores, 8G, Darwin 19.6.0
Time: Thu Apr 29 21:06:44 2021 CEST elapsed time: 0 seconds (0d 0h 0m 0s)

---------------  T H R E A D  ---------------

Current thread (0x00007fb240019800):  JavaThread "main" [_thread_in_native, id=6659, stack(0x00007000098d7000,0x00007000099d7000)]

Stack: [0x00007000098d7000,0x00007000099d7000],  sp=0x00007000099d51a0,  free space=1016k
Native frames: (J=compiled Java code, A=aot compiled Java code, j=interpreted, Vv=VM code, C=native code)
C  [HIToolbox+0x25860]  HIMenuBarView::MeasureAppMenus()+0x168
C  [HIToolbox+0x25367]  HIMenuBarView::EnsureBarLayout()+0x1a3
C  [HIToolbox+0x24c77]  HIMenuBarView::DrawOnce(CGRect, CGRect, bool, bool, CGContext*)+0x243
C  [HIToolbox+0x2494e]  HIMenuBarView::DrawSelf(short, __HIShape const*, CGContext*)+0x23a
C  [HIToolbox+0x243b6]  HIMenuBarView::DrawWithoutCustomization(short, __HIShape const*, CGContext*)+0x52
C  [HIToolbox+0x2434e]  HIMenuBarView::DrawingDelegateHandler(OpaqueEventHandlerCallRef*, OpaqueEventRef*, void*)+0x102
C  [HIToolbox+0x88ff]  DispatchEventToHandlers(EventTargetRec*, OpaqueEventRef*, HandlerCallRec*)+0x4e6
C  [HIToolbox+0x7d8d]  SendEventToEventTargetInternal(OpaqueEventRef*, OpaqueEventTargetRef*, HandlerCallRec*)+0x149
C  [HIToolbox+0x7c3d]  SendEventToEventTargetWithOptions+0x2d
C  [HIToolbox+0x23ecd]  HIView::SendDraw(short, OpaqueGrafPtr*, __HIShape const*, CGContext*)+0x145
C  [HIToolbox+0x23967]  HIView::RecursiveDrawComposited(__HIShape const*, __HIShape const*, unsigned int, HIView*, CGContext*, unsigned char, double)+0x23f
C  [HIToolbox+0x23b61]  HIView::RecursiveDrawComposited(__HIShape const*, __HIShape const*, unsigned int, HIView*, CGContext*, unsigned char, double)+0x439
C  [HIToolbox+0x23399]  HIView::DrawComposited(short, OpaqueGrafPtr*, __HIShape const*, unsigned int, HIView*, CGContext*)+0x32f
C  [HIToolbox+0x2305b]  HIView::Render(unsigned int, CGContext*)+0x33
C  [HIToolbox+0x22783]  WindowData::PrepareForVisibility()+0x99
C  [HIToolbox+0x789c8]  _ShowHideWindows+0x11e
C  [HIToolbox+0x221b4]  ShowHide+0x23
C  [HIToolbox+0x12217]  MBWindows::GetWindowOnDisplay(unsigned int, unsigned char)+0x127
C  [HIToolbox+0x11ff7]  MenuBarInstance::ForEachWindowDo(unsigned char, bool (OpaqueWindowPtr*, unsigned int) block_pointer)+0xb7
C  [HIToolbox+0x11efb]  MenuBarInstance::SetBoundsAndUpdateResolution()+0x67
C  [HIToolbox+0x11a72]  MenuBarInstance::Show(MenuBarAnimationStyle, unsigned char, unsigned char, unsigned char, unsigned char)+0x118
C  [HIToolbox+0x114aa]  MenuBarInstance::UpdateAggregateUIMode(MenuBarAnimationStyle, unsigned char, unsigned char, unsigned char)+0x324
C  [HIToolbox+0x110aa]  MenuBarInstance::ForEachMenuBarDo(void (MenuBarInstance*) block_pointer)+0x2e
C  [HIToolbox+0x11042]  UpdateAllAggregateUIModes(MenuBarAnimationStyle, unsigned char)+0x7e
C  [HIToolbox+0x10fae]  SetSystemUIMode+0xa5
C  [AppKit+0x319fb]  -[NSApplication finishLaunching]+0x2dc
C  [AppKit+0x313f0]  -[NSApplication run]+0xf4
C  [libglfw.dylib+0x10a85]
[error occurred during error reporting (printing native stack), id 0xe0000000, Internal Error (./open/src/hotspot/os/bsd/decoder_machO.hpp:43)]

Java frames: (J=compiled Java code, j=interpreted, Vv=VM code)
j  org.lwjgl.system.JNI.invokePPPP(IIJJJJ)J+0
j  org.lwjgl.glfw.GLFW.nglfwCreateWindow(IIJJJ)J+14
j  org.lwjgl.glfw.GLFW.glfwCreateWindow(IILjava/lang/CharSequence;JJ)J+37
j  cz.educanet.Main.main([Ljava/lang/String;)V+26
v  ~StubRoutines::call_stub

siginfo: si_signo: 11 (SIGSEGV), si_code: 1 (SEGV_MAPERR), si_addr: 0x0000000000000028

Register to memory mapping:

RAX=0x0 is NULL
RBX=0x0000000000000003 is an unknown value
RCX=0x00007fb23ed4ae4c points into unknown readable memory: fb 07 00 70
RDX=0x0 is NULL
RSP=0x00007000099d51a0 is pointing into the stack for thread: 0x00007fb240019800
RBP=0x00007000099d51d0 is pointing into the stack for thread: 0x00007fb240019800
RSI=0x00007fb23ed99e60 points into unknown readable memory: f0 a2 f3 3e b2 7f 00 00
RDI=0x00007fb23ed99e98 points into unknown readable memory: 06 00 00 00 00 00 00 00
R8 =0x0000000000000008 is an unknown value
R9 =0x00007000099d5180 is pointing into the stack for thread: 0x00007fb240019800
R10=0x00007000099d5180 is pointing into the stack for thread: 0x00007fb240019800
R11=0x0 is NULL
R12=0x0 is NULL
R13=0x0 is NULL
R14=0x0 is NULL
R15=0x00007fb23ef3c3a0 points into unknown readable memory: 18 cb 80 85 ff 7f 00 00


Registers:
RAX=0x0000000000000000, RBX=0x0000000000000003, RCX=0x00007fb23ed4ae4c, RDX=0x0000000000000000
RSP=0x00007000099d51a0, RBP=0x00007000099d51d0, RSI=0x00007fb23ed99e60, RDI=0x00007fb23ed99e98
R8 =0x0000000000000008, R9 =0x00007000099d5180, R10=0x00007000099d5180, R11=0x0000000000000000
R12=0x0000000000000000, R13=0x0000000000000000, R14=0x0000000000000000, R15=0x00007fb23ef3c3a0
RIP=0x00007fff2cf11860, EFLAGS=0x0000000000010246, ERR=0x0000000000000006
  TRAPNO=0x000000000000000e

Top of Stack: (sp=0x00007000099d51a0)
0x00007000099d51a0:   0000000000000003 4260000042380000
0x00007000099d51b0:   00007000099d5101 00007fb23ef3c3a0
0x00007000099d51c0:   0000000000000000 0000000000000060
0x00007000099d51d0:   00007000099d5240 00007fff2cf11367
0x00007000099d51e0:   00007000099d5200 44a0000000000000
0x00007000099d51f0:   00007fb23ed47c40 0000000000000000
0x00007000099d5200:   00007000099d5220 0000000000000000
0x00007000099d5210:   0000000041200000 00007fb23ef3c3a0
0x00007000099d5220:   00007fb23ef3c3a0 0000000000000000
0x00007000099d5230:   0000000000000000 00007000099d5401
0x00007000099d5240:   00007000099d53a0 00007fff2cf10c77
0x00007000099d5250:   0000000000037a37 00007fb23ed802d0
0x00007000099d5260:   00007000099d52a0 00007fff5d782965
0x00007000099d5270:   00007000099d52a0 00007fff5d7828bc
0x00007000099d5280:   ca9baf0a31e20084 00007fb23ed802d0
0x00007000099d5290:   0000000000037a37 00007fb23ed80300
0x00007000099d52a0:   00007000099d52d0 00007fff5d59ca6a
0x00007000099d52b0:   0000000000000000 00007fb23ee6a720
0x00007000099d52c0:   0000000000037a37 00007fff65760585
0x00007000099d52d0:   00007000099d5320 00007fff5d59c986
0x00007000099d52e0:   00007000099d5350 00037a3768616d8b
0x00007000099d52f0:   0000700000000000 00007fff65760585
0x00007000099d5300:   00007000099d5330 00007fff5d746690
0x00007000099d5310:   ca9baf0a31e20084 00007fb23ee82790
0x00007000099d5320:   0000000000037a37 00007000099d53c0
0x00007000099d5330:   00007000099d5390 00007fff5d59fd4a
0x00007000099d5340:   0000000000000000 0005000200000000
0x00007000099d5350:   0000002020000000 00007fb23ee82790
0x00007000099d5360:   ca9baf0a31e20084 00007fb23ec55e10
0x00007000099d5370:   00007fb23ef3c3a0 0000000000000008
0x00007000099d5380:   00007fb23ef3c3a0 00007fb23ec55e10
0x00007000099d5390:   0000000000000001 00007000099d5450 

Instructions: (pc=0x00007fff2cf11860)
0x00007fff2cf11760:   e8 6c fd ff ff 48 63 f8 be 04 00 00 00 e8 a0 74
0x00007fff2cf11770:   27 00 49 8b 8f 78 02 00 00 48 89 41 08 f3 41 0f
0x00007fff2cf11780:   10 04 9c f3 0f 11 45 dc 49 8b bf 50 02 00 00 e8
0x00007fff2cf11790:   ec 00 00 00 49 8b bf 50 02 00 00 e8 f9 9a fe ff
0x00007fff2cf117a0:   4c 39 f0 74 7e 49 89 c4 31 db f3 0f 10 45 dc 49
0x00007fff2cf117b0:   8b 87 58 02 00 00 f3 0f 11 45 dc f3 0f 11 04 98
0x00007fff2cf117c0:   49 8b 87 78 02 00 00 48 8b 48 08 4c 89 ff 4c 89
0x00007fff2cf117d0:   e6 ba 01 00 00 00 41 89 d8 e8 c8 00 00 00 f3 0f
0x00007fff2cf117e0:   11 45 d8 4c 89 e7 e8 45 b1 fe ff 84 c0 74 07 41
0x00007fff2cf117f0:   89 9f 6c 02 00 00 f3 0f 10 45 dc f3 0f 58 45 d8
0x00007fff2cf11800:   f3 0f 11 45 dc 49 8b bf 50 02 00 00 e8 88 9a fe
0x00007fff2cf11810:   ff f3 0f 10 45 dc 49 89 c4 48 ff c3 4c 39 f0 75
0x00007fff2cf11820:   8e eb 07 31 db f3 0f 10 45 dc 41 8b 87 68 02 00
0x00007fff2cf11830:   00 39 c3 7d 1b 89 d9 48 c1 e1 02 49 03 8f 58 02
0x00007fff2cf11840:   00 00 f3 0f 11 01 48 83 c1 04 ff c3 39 d8 7f f2
0x00007fff2cf11850:   f3 41 0f 11 87 70 02 00 00 49 8b 87 78 02 00 00
0x00007fff2cf11860:   f3 0f 11 40 28 48 83 c4 10 5b 41 5c 41 5e 41 5f
0x00007fff2cf11870:   5d c3 90 90 90 90 90 90 90 90 90 90 90 90 90 90
0x00007fff2cf11880:   55 48 89 e5 31 c0 88 47 4c 38 47 48 b9 06 00 00
0x00007fff2cf11890:   00 0f 45 c8 89 4f 38 48 c7 47 40 00 00 00 00 31
0x00007fff2cf118a0:   c0 5d c3 90 90 90 55 48 89 e5 41 57 41 56 41 55
0x00007fff2cf118b0:   41 54 53 48 83 ec 58 49 89 cc 41 89 d5 48 89 f3
0x00007fff2cf118c0:   49 89 fe 31 c0 48 89 45 d0 48 89 45 c0 4d 63 f8
0x00007fff2cf118d0:   48 85 c9 74 22 f3 43 0f 10 04 bc f3 0f 5a c8 f2
0x00007fff2cf118e0:   0f 11 4d d0 66 0f 57 c9 0f 2e c1 0f 85 3b 02 00
0x00007fff2cf118f0:   00 0f 8a 35 02 00 00 48 8d 75 c8 48 8d 55 b0 48
0x00007fff2cf11900:   89 df e8 3d 02 00 00 85 c0 75 45 8b 45 c8 85 c0
0x00007fff2cf11910:   74 3e 83 f8 0b 0f 84 5e 01 00 00 83 f8 07 0f 85
0x00007fff2cf11920:   67 01 00 00 48 8b 7d b0 e8 f7 5d 27 00 66 48 0f
0x00007fff2cf11930:   6e c0 66 0f 62 05 a6 3a 28 00 66 0f 5c 05 ae 3a
0x00007fff2cf11940:   28 00 66 0f 7c c0 66 0f 13 45 d0 e9 51 01 00 00
0x00007fff2cf11950:   0f b7 43 60 3d 83 ab 00 00 75 20 48 8d 5d 88 48 


Stack slot to memory mapping:
stack at sp + 0 slots: 0x0000000000000003 is an unknown value
stack at sp + 1 slots: 0x4260000042380000 is an unknown value
stack at sp + 2 slots: 0x00007000099d5101 is pointing into the stack for thread: 0x00007fb240019800
stack at sp + 3 slots: 0x00007fb23ef3c3a0 points into unknown readable memory: 18 cb 80 85 ff 7f 00 00
stack at sp + 4 slots: 0x0 is NULL
stack at sp + 5 slots: 0x0000000000000060 is an unknown value
stack at sp + 6 slots: 0x00007000099d5240 is pointing into the stack for thread: 0x00007fb240019800
stack at sp + 7 slots: 0x00007fff2cf11367: _ZN13HIMenuBarView15EnsureBarLayoutEv+0x1a3 in /System/Library/Frameworks/Carbon.framework/Versions/A/Frameworks/HIToolbox.framework/Versions/A/HIToolbox at 0x00007fff2ceec000


---------------  P R O C E S S  ---------------

Threads class SMR info:
_java_thread_list=0x00007fb23ef1d880, length=10, elements={
0x00007fb240019800, 0x00007fb23f88b000, 0x00007fb23f88c000, 0x00007fb24082b000,
0x00007fb23f890800, 0x00007fb24082e000, 0x00007fb24002c800, 0x00007fb24002b000,
0x00007fb23f011800, 0x00007fb23f012800
}

Java Threads: ( => current thread )
=>0x00007fb240019800 JavaThread "main" [_thread_in_native, id=6659, stack(0x00007000098d7000,0x00007000099d7000)]
  0x00007fb23f88b000 JavaThread "Reference Handler" daemon [_thread_blocked, id=14851, stack(0x0000700009fec000,0x000070000a0ec000)]
  0x00007fb23f88c000 JavaThread "Finalizer" daemon [_thread_blocked, id=17923, stack(0x000070000a0ef000,0x000070000a1ef000)]
  0x00007fb24082b000 JavaThread "Signal Dispatcher" daemon [_thread_blocked, id=22019, stack(0x000070000a2f8000,0x000070000a3f8000)]
  0x00007fb23f890800 JavaThread "Service Thread" daemon [_thread_blocked, id=42499, stack(0x000070000a3fb000,0x000070000a4fb000)]
  0x00007fb24082e000 JavaThread "C2 CompilerThread0" daemon [_thread_blocked, id=42243, stack(0x000070000a4fe000,0x000070000a5fe000)]
  0x00007fb24002c800 JavaThread "C1 CompilerThread0" daemon [_thread_blocked, id=23299, stack(0x000070000a601000,0x000070000a701000)]
  0x00007fb24002b000 JavaThread "Sweeper thread" daemon [_thread_blocked, id=41731, stack(0x000070000a704000,0x000070000a804000)]
  0x00007fb23f011800 JavaThread "Notification Thread" daemon [_thread_blocked, id=23811, stack(0x000070000a807000,0x000070000a907000)]
  0x00007fb23f012800 JavaThread "Common-Cleaner" daemon [_thread_blocked, id=40195, stack(0x000070000aa0d000,0x000070000ab0d000)]

Other Threads:
  0x00007fb23f00c000 VMThread "VM Thread" [stack: 0x0000700009ee9000,0x0000700009fe9000] [id=18947]
  0x00007fb24086e800 WatcherThread [stack: 0x000070000a90a000,0x000070000aa0a000] [id=40707]
  0x00007fb23f827000 GCTaskThread "GC Thread#0" [stack: 0x00007000099da000,0x0000700009ada000] [id=12547]
  0x00007fb23f838000 ConcurrentGCThread "G1 Main Marker" [stack: 0x0000700009add000,0x0000700009bdd000] [id=12803]
  0x00007fb23f838800 ConcurrentGCThread "G1 Conc#0" [stack: 0x0000700009be0000,0x0000700009ce0000] [id=19459]
  0x00007fb23f889800 ConcurrentGCThread "G1 Refine#0" [stack: 0x0000700009ce3000,0x0000700009de3000] [id=13827]
  0x00007fb23f88a000 ConcurrentGCThread "G1 Young RemSet Sampling" [stack: 0x0000700009de6000,0x0000700009ee6000] [id=14083]

Threads with active compile tasks:

VM state:not at safepoint (normal execution)

VM Mutex/Monitor currently owned by a thread: None

Heap address: 0x0000000780000000, size: 2048 MB, Compressed Oops mode: Zero based, Oop shift amount: 3
Narrow klass base: 0x0000000800000000, Narrow klass shift: 3
Compressed class space size: 1073741824 Address: 0x0000000800b03000

Heap:
 garbage-first heap   total 133120K, used 5936K [0x0000000780000000, 0x0000000800000000)
  region size 1024K, 6 young (6144K), 0 survivors (0K)
 Metaspace       used 2149K, capacity 5470K, committed 5632K, reserved 1056768K
  class space    used 166K, capacity 465K, committed 512K, reserved 1048576K
Heap Regions: E=young(eden), S=young(survivor), O=old, HS=humongous(starts), HC=humongous(continues), CS=collection set, F=free, OA=open archive, CA=closed archive, TAMS=top-at-mark-start (previous, next)
|   0|0x0000000780000000, 0x0000000780000000, 0x0000000780100000|  0%| F|  |TAMS 0x0000000780000000, 0x0000000780000000| Untracked 
|   1|0x0000000780100000, 0x0000000780100000, 0x0000000780200000|  0%| F|  |TAMS 0x0000000780100000, 0x0000000780100000| Untracked 
|   2|0x0000000780200000, 0x0000000780200000, 0x0000000780300000|  0%| F|  |TAMS 0x0000000780200000, 0x0000000780200000| Untracked 
|   3|0x0000000780300000, 0x0000000780300000, 0x0000000780400000|  0%| F|  |TAMS 0x0000000780300000, 0x0000000780300000| Untracked 
|   4|0x0000000780400000, 0x0000000780400000, 0x0000000780500000|  0%| F|  |TAMS 0x0000000780400000, 0x0000000780400000| Untracked 
|   5|0x0000000780500000, 0x0000000780500000, 0x0000000780600000|  0%| F|  |TAMS 0x0000000780500000, 0x0000000780500000| Untracked 
|   6|0x0000000780600000, 0x0000000780600000, 0x0000000780700000|  0%| F|  |TAMS 0x0000000780600000, 0x0000000780600000| Untracked 
|   7|0x0000000780700000, 0x0000000780700000, 0x0000000780800000|  0%| F|  |TAMS 0x0000000780700000, 0x0000000780700000| Untracked 
|   8|0x0000000780800000, 0x0000000780800000, 0x0000000780900000|  0%| F|  |TAMS 0x0000000780800000, 0x0000000780800000| Untracked 
|   9|0x0000000780900000, 0x0000000780900000, 0x0000000780a00000|  0%| F|  |TAMS 0x0000000780900000, 0x0000000780900000| Untracked 
|  10|0x0000000780a00000, 0x0000000780a00000, 0x0000000780b00000|  0%| F|  |TAMS 0x0000000780a00000, 0x0000000780a00000| Untracked 
|  11|0x0000000780b00000, 0x0000000780b00000, 0x0000000780c00000|  0%| F|  |TAMS 0x0000000780b00000, 0x0000000780b00000| Untracked 
|  12|0x0000000780c00000, 0x0000000780c00000, 0x0000000780d00000|  0%| F|  |TAMS 0x0000000780c00000, 0x0000000780c00000| Untracked 
|  13|0x0000000780d00000, 0x0000000780d00000, 0x0000000780e00000|  0%| F|  |TAMS 0x0000000780d00000, 0x0000000780d00000| Untracked 
|  14|0x0000000780e00000, 0x0000000780e00000, 0x0000000780f00000|  0%| F|  |TAMS 0x0000000780e00000, 0x0000000780e00000| Untracked 
|  15|0x0000000780f00000, 0x0000000780f00000, 0x0000000781000000|  0%| F|  |TAMS 0x0000000780f00000, 0x0000000780f00000| Untracked 
|  16|0x0000000781000000, 0x0000000781000000, 0x0000000781100000|  0%| F|  |TAMS 0x0000000781000000, 0x0000000781000000| Untracked 
|  17|0x0000000781100000, 0x0000000781100000, 0x0000000781200000|  0%| F|  |TAMS 0x0000000781100000, 0x0000000781100000| Untracked 
|  18|0x0000000781200000, 0x0000000781200000, 0x0000000781300000|  0%| F|  |TAMS 0x0000000781200000, 0x0000000781200000| Untracked 
|  19|0x0000000781300000, 0x0000000781300000, 0x0000000781400000|  0%| F|  |TAMS 0x0000000781300000, 0x0000000781300000| Untracked 
|  20|0x0000000781400000, 0x0000000781400000, 0x0000000781500000|  0%| F|  |TAMS 0x0000000781400000, 0x0000000781400000| Untracked 
|  21|0x0000000781500000, 0x0000000781500000, 0x0000000781600000|  0%| F|  |TAMS 0x0000000781500000, 0x0000000781500000| Untracked 
|  22|0x0000000781600000, 0x0000000781600000, 0x0000000781700000|  0%| F|  |TAMS 0x0000000781600000, 0x0000000781600000| Untracked 
|  23|0x0000000781700000, 0x0000000781700000, 0x0000000781800000|  0%| F|  |TAMS 0x0000000781700000, 0x0000000781700000| Untracked 
|  24|0x0000000781800000, 0x0000000781800000, 0x0000000781900000|  0%| F|  |TAMS 0x0000000781800000, 0x0000000781800000| Untracked 
|  25|0x0000000781900000, 0x0000000781900000, 0x0000000781a00000|  0%| F|  |TAMS 0x0000000781900000, 0x0000000781900000| Untracked 
|  26|0x0000000781a00000, 0x0000000781a00000, 0x0000000781b00000|  0%| F|  |TAMS 0x0000000781a00000, 0x0000000781a00000| Untracked 
|  27|0x0000000781b00000, 0x0000000781b00000, 0x0000000781c00000|  0%| F|  |TAMS 0x0000000781b00000, 0x0000000781b00000| Untracked 
|  28|0x0000000781c00000, 0x0000000781c00000, 0x0000000781d00000|  0%| F|  |TAMS 0x0000000781c00000, 0x0000000781c00000| Untracked 
|  29|0x0000000781d00000, 0x0000000781d00000, 0x0000000781e00000|  0%| F|  |TAMS 0x0000000781d00000, 0x0000000781d00000| Untracked 
|  30|0x0000000781e00000, 0x0000000781e00000, 0x0000000781f00000|  0%| F|  |TAMS 0x0000000781e00000, 0x0000000781e00000| Untracked 
|  31|0x0000000781f00000, 0x0000000781f00000, 0x0000000782000000|  0%| F|  |TAMS 0x0000000781f00000, 0x0000000781f00000| Untracked 
|  32|0x0000000782000000, 0x0000000782000000, 0x0000000782100000|  0%| F|  |TAMS 0x0000000782000000, 0x0000000782000000| Untracked 
|  33|0x0000000782100000, 0x0000000782100000, 0x0000000782200000|  0%| F|  |TAMS 0x0000000782100000, 0x0000000782100000| Untracked 
|  34|0x0000000782200000, 0x0000000782200000, 0x0000000782300000|  0%| F|  |TAMS 0x0000000782200000, 0x0000000782200000| Untracked 
|  35|0x0000000782300000, 0x0000000782300000, 0x0000000782400000|  0%| F|  |TAMS 0x0000000782300000, 0x0000000782300000| Untracked 
|  36|0x0000000782400000, 0x0000000782400000, 0x0000000782500000|  0%| F|  |TAMS 0x0000000782400000, 0x0000000782400000| Untracked 
|  37|0x0000000782500000, 0x0000000782500000, 0x0000000782600000|  0%| F|  |TAMS 0x0000000782500000, 0x0000000782500000| Untracked 
|  38|0x0000000782600000, 0x0000000782600000, 0x0000000782700000|  0%| F|  |TAMS 0x0000000782600000, 0x0000000782600000| Untracked 
|  39|0x0000000782700000, 0x0000000782700000, 0x0000000782800000|  0%| F|  |TAMS 0x0000000782700000, 0x0000000782700000| Untracked 
|  40|0x0000000782800000, 0x0000000782800000, 0x0000000782900000|  0%| F|  |TAMS 0x0000000782800000, 0x0000000782800000| Untracked 
|  41|0x0000000782900000, 0x0000000782900000, 0x0000000782a00000|  0%| F|  |TAMS 0x0000000782900000, 0x0000000782900000| Untracked 
|  42|0x0000000782a00000, 0x0000000782a00000, 0x0000000782b00000|  0%| F|  |TAMS 0x0000000782a00000, 0x0000000782a00000| Untracked 
|  43|0x0000000782b00000, 0x0000000782b00000, 0x0000000782c00000|  0%| F|  |TAMS 0x0000000782b00000, 0x0000000782b00000| Untracked 
|  44|0x0000000782c00000, 0x0000000782c00000, 0x0000000782d00000|  0%| F|  |TAMS 0x0000000782c00000, 0x0000000782c00000| Untracked 
|  45|0x0000000782d00000, 0x0000000782d00000, 0x0000000782e00000|  0%| F|  |TAMS 0x0000000782d00000, 0x0000000782d00000| Untracked 
|  46|0x0000000782e00000, 0x0000000782e00000, 0x0000000782f00000|  0%| F|  |TAMS 0x0000000782e00000, 0x0000000782e00000| Untracked 
|  47|0x0000000782f00000, 0x0000000782f00000, 0x0000000783000000|  0%| F|  |TAMS 0x0000000782f00000, 0x0000000782f00000| Untracked 
|  48|0x0000000783000000, 0x0000000783000000, 0x0000000783100000|  0%| F|  |TAMS 0x0000000783000000, 0x0000000783000000| Untracked 
|  49|0x0000000783100000, 0x0000000783100000, 0x0000000783200000|  0%| F|  |TAMS 0x0000000783100000, 0x0000000783100000| Untracked 
|  50|0x0000000783200000, 0x0000000783200000, 0x0000000783300000|  0%| F|  |TAMS 0x0000000783200000, 0x0000000783200000| Untracked 
|  51|0x0000000783300000, 0x0000000783300000, 0x0000000783400000|  0%| F|  |TAMS 0x0000000783300000, 0x0000000783300000| Untracked 
|  52|0x0000000783400000, 0x0000000783400000, 0x0000000783500000|  0%| F|  |TAMS 0x0000000783400000, 0x0000000783400000| Untracked 
|  53|0x0000000783500000, 0x0000000783500000, 0x0000000783600000|  0%| F|  |TAMS 0x0000000783500000, 0x0000000783500000| Untracked 
|  54|0x0000000783600000, 0x0000000783600000, 0x0000000783700000|  0%| F|  |TAMS 0x0000000783600000, 0x0000000783600000| Untracked 
|  55|0x0000000783700000, 0x0000000783700000, 0x0000000783800000|  0%| F|  |TAMS 0x0000000783700000, 0x0000000783700000| Untracked 
|  56|0x0000000783800000, 0x0000000783800000, 0x0000000783900000|  0%| F|  |TAMS 0x0000000783800000, 0x0000000783800000| Untracked 
|  57|0x0000000783900000, 0x0000000783900000, 0x0000000783a00000|  0%| F|  |TAMS 0x0000000783900000, 0x0000000783900000| Untracked 
|  58|0x0000000783a00000, 0x0000000783a00000, 0x0000000783b00000|  0%| F|  |TAMS 0x0000000783a00000, 0x0000000783a00000| Untracked 
|  59|0x0000000783b00000, 0x0000000783b00000, 0x0000000783c00000|  0%| F|  |TAMS 0x0000000783b00000, 0x0000000783b00000| Untracked 
|  60|0x0000000783c00000, 0x0000000783c00000, 0x0000000783d00000|  0%| F|  |TAMS 0x0000000783c00000, 0x0000000783c00000| Untracked 
|  61|0x0000000783d00000, 0x0000000783d00000, 0x0000000783e00000|  0%| F|  |TAMS 0x0000000783d00000, 0x0000000783d00000| Untracked 
|  62|0x0000000783e00000, 0x0000000783e00000, 0x0000000783f00000|  0%| F|  |TAMS 0x0000000783e00000, 0x0000000783e00000| Untracked 
|  63|0x0000000783f00000, 0x0000000783f00000, 0x0000000784000000|  0%| F|  |TAMS 0x0000000783f00000, 0x0000000783f00000| Untracked 
|  64|0x0000000784000000, 0x0000000784000000, 0x0000000784100000|  0%| F|  |TAMS 0x0000000784000000, 0x0000000784000000| Untracked 
|  65|0x0000000784100000, 0x0000000784100000, 0x0000000784200000|  0%| F|  |TAMS 0x0000000784100000, 0x0000000784100000| Untracked 
|  66|0x0000000784200000, 0x0000000784200000, 0x0000000784300000|  0%| F|  |TAMS 0x0000000784200000, 0x0000000784200000| Untracked 
|  67|0x0000000784300000, 0x0000000784300000, 0x0000000784400000|  0%| F|  |TAMS 0x0000000784300000, 0x0000000784300000| Untracked 
|  68|0x0000000784400000, 0x0000000784400000, 0x0000000784500000|  0%| F|  |TAMS 0x0000000784400000, 0x0000000784400000| Untracked 
|  69|0x0000000784500000, 0x0000000784500000, 0x0000000784600000|  0%| F|  |TAMS 0x0000000784500000, 0x0000000784500000| Untracked 
|  70|0x0000000784600000, 0x0000000784600000, 0x0000000784700000|  0%| F|  |TAMS 0x0000000784600000, 0x0000000784600000| Untracked 
|  71|0x0000000784700000, 0x0000000784700000, 0x0000000784800000|  0%| F|  |TAMS 0x0000000784700000, 0x0000000784700000| Untracked 
|  72|0x0000000784800000, 0x0000000784800000, 0x0000000784900000|  0%| F|  |TAMS 0x0000000784800000, 0x0000000784800000| Untracked 
|  73|0x0000000784900000, 0x0000000784900000, 0x0000000784a00000|  0%| F|  |TAMS 0x0000000784900000, 0x0000000784900000| Untracked 
|  74|0x0000000784a00000, 0x0000000784a00000, 0x0000000784b00000|  0%| F|  |TAMS 0x0000000784a00000, 0x0000000784a00000| Untracked 
|  75|0x0000000784b00000, 0x0000000784b00000, 0x0000000784c00000|  0%| F|  |TAMS 0x0000000784b00000, 0x0000000784b00000| Untracked 
|  76|0x0000000784c00000, 0x0000000784c00000, 0x0000000784d00000|  0%| F|  |TAMS 0x0000000784c00000, 0x0000000784c00000| Untracked 
|  77|0x0000000784d00000, 0x0000000784d00000, 0x0000000784e00000|  0%| F|  |TAMS 0x0000000784d00000, 0x0000000784d00000| Untracked 
|  78|0x0000000784e00000, 0x0000000784e00000, 0x0000000784f00000|  0%| F|  |TAMS 0x0000000784e00000, 0x0000000784e00000| Untracked 
|  79|0x0000000784f00000, 0x0000000784f00000, 0x0000000785000000|  0%| F|  |TAMS 0x0000000784f00000, 0x0000000784f00000| Untracked 
|  80|0x0000000785000000, 0x0000000785000000, 0x0000000785100000|  0%| F|  |TAMS 0x0000000785000000, 0x0000000785000000| Untracked 
|  81|0x0000000785100000, 0x0000000785100000, 0x0000000785200000|  0%| F|  |TAMS 0x0000000785100000, 0x0000000785100000| Untracked 
|  82|0x0000000785200000, 0x0000000785200000, 0x0000000785300000|  0%| F|  |TAMS 0x0000000785200000, 0x0000000785200000| Untracked 
|  83|0x0000000785300000, 0x0000000785300000, 0x0000000785400000|  0%| F|  |TAMS 0x0000000785300000, 0x0000000785300000| Untracked 
|  84|0x0000000785400000, 0x0000000785400000, 0x0000000785500000|  0%| F|  |TAMS 0x0000000785400000, 0x0000000785400000| Untracked 
|  85|0x0000000785500000, 0x0000000785500000, 0x0000000785600000|  0%| F|  |TAMS 0x0000000785500000, 0x0000000785500000| Untracked 
|  86|0x0000000785600000, 0x0000000785600000, 0x0000000785700000|  0%| F|  |TAMS 0x0000000785600000, 0x0000000785600000| Untracked 
|  87|0x0000000785700000, 0x0000000785700000, 0x0000000785800000|  0%| F|  |TAMS 0x0000000785700000, 0x0000000785700000| Untracked 
|  88|0x0000000785800000, 0x0000000785800000, 0x0000000785900000|  0%| F|  |TAMS 0x0000000785800000, 0x0000000785800000| Untracked 
|  89|0x0000000785900000, 0x0000000785900000, 0x0000000785a00000|  0%| F|  |TAMS 0x0000000785900000, 0x0000000785900000| Untracked 
|  90|0x0000000785a00000, 0x0000000785a00000, 0x0000000785b00000|  0%| F|  |TAMS 0x0000000785a00000, 0x0000000785a00000| Untracked 
|  91|0x0000000785b00000, 0x0000000785b00000, 0x0000000785c00000|  0%| F|  |TAMS 0x0000000785b00000, 0x0000000785b00000| Untracked 
|  92|0x0000000785c00000, 0x0000000785c00000, 0x0000000785d00000|  0%| F|  |TAMS 0x0000000785c00000, 0x0000000785c00000| Untracked 
|  93|0x0000000785d00000, 0x0000000785d00000, 0x0000000785e00000|  0%| F|  |TAMS 0x0000000785d00000, 0x0000000785d00000| Untracked 
|  94|0x0000000785e00000, 0x0000000785e00000, 0x0000000785f00000|  0%| F|  |TAMS 0x0000000785e00000, 0x0000000785e00000| Untracked 
|  95|0x0000000785f00000, 0x0000000785f00000, 0x0000000786000000|  0%| F|  |TAMS 0x0000000785f00000, 0x0000000785f00000| Untracked 
|  96|0x0000000786000000, 0x0000000786000000, 0x0000000786100000|  0%| F|  |TAMS 0x0000000786000000, 0x0000000786000000| Untracked 
|  97|0x0000000786100000, 0x0000000786100000, 0x0000000786200000|  0%| F|  |TAMS 0x0000000786100000, 0x0000000786100000| Untracked 
|  98|0x0000000786200000, 0x0000000786200000, 0x0000000786300000|  0%| F|  |TAMS 0x0000000786200000, 0x0000000786200000| Untracked 
|  99|0x0000000786300000, 0x0000000786300000, 0x0000000786400000|  0%| F|  |TAMS 0x0000000786300000, 0x0000000786300000| Untracked 
| 100|0x0000000786400000, 0x0000000786400000, 0x0000000786500000|  0%| F|  |TAMS 0x0000000786400000, 0x0000000786400000| Untracked 
| 101|0x0000000786500000, 0x0000000786500000, 0x0000000786600000|  0%| F|  |TAMS 0x0000000786500000, 0x0000000786500000| Untracked 
| 102|0x0000000786600000, 0x0000000786600000, 0x0000000786700000|  0%| F|  |TAMS 0x0000000786600000, 0x0000000786600000| Untracked 
| 103|0x0000000786700000, 0x0000000786700000, 0x0000000786800000|  0%| F|  |TAMS 0x0000000786700000, 0x0000000786700000| Untracked 
| 104|0x0000000786800000, 0x0000000786800000, 0x0000000786900000|  0%| F|  |TAMS 0x0000000786800000, 0x0000000786800000| Untracked 
| 105|0x0000000786900000, 0x0000000786900000, 0x0000000786a00000|  0%| F|  |TAMS 0x0000000786900000, 0x0000000786900000| Untracked 
| 106|0x0000000786a00000, 0x0000000786a00000, 0x0000000786b00000|  0%| F|  |TAMS 0x0000000786a00000, 0x0000000786a00000| Untracked 
| 107|0x0000000786b00000, 0x0000000786b00000, 0x0000000786c00000|  0%| F|  |TAMS 0x0000000786b00000, 0x0000000786b00000| Untracked 
| 108|0x0000000786c00000, 0x0000000786c00000, 0x0000000786d00000|  0%| F|  |TAMS 0x0000000786c00000, 0x0000000786c00000| Untracked 
| 109|0x0000000786d00000, 0x0000000786d00000, 0x0000000786e00000|  0%| F|  |TAMS 0x0000000786d00000, 0x0000000786d00000| Untracked 
| 110|0x0000000786e00000, 0x0000000786e00000, 0x0000000786f00000|  0%| F|  |TAMS 0x0000000786e00000, 0x0000000786e00000| Untracked 
| 111|0x0000000786f00000, 0x0000000786f00000, 0x0000000787000000|  0%| F|  |TAMS 0x0000000786f00000, 0x0000000786f00000| Untracked 
| 112|0x0000000787000000, 0x0000000787000000, 0x0000000787100000|  0%| F|  |TAMS 0x0000000787000000, 0x0000000787000000| Untracked 
| 113|0x0000000787100000, 0x0000000787100000, 0x0000000787200000|  0%| F|  |TAMS 0x0000000787100000, 0x0000000787100000| Untracked 
| 114|0x0000000787200000, 0x0000000787200000, 0x0000000787300000|  0%| F|  |TAMS 0x0000000787200000, 0x0000000787200000| Untracked 
| 115|0x0000000787300000, 0x0000000787300000, 0x0000000787400000|  0%| F|  |TAMS 0x0000000787300000, 0x0000000787300000| Untracked 
| 116|0x0000000787400000, 0x0000000787400000, 0x0000000787500000|  0%| F|  |TAMS 0x0000000787400000, 0x0000000787400000| Untracked 
| 117|0x0000000787500000, 0x0000000787500000, 0x0000000787600000|  0%| F|  |TAMS 0x0000000787500000, 0x0000000787500000| Untracked 
| 118|0x0000000787600000, 0x0000000787600000, 0x0000000787700000|  0%| F|  |TAMS 0x0000000787600000, 0x0000000787600000| Untracked 
| 119|0x0000000787700000, 0x0000000787700000, 0x0000000787800000|  0%| F|  |TAMS 0x0000000787700000, 0x0000000787700000| Untracked 
| 120|0x0000000787800000, 0x0000000787800000, 0x0000000787900000|  0%| F|  |TAMS 0x0000000787800000, 0x0000000787800000| Untracked 
| 121|0x0000000787900000, 0x0000000787900000, 0x0000000787a00000|  0%| F|  |TAMS 0x0000000787900000, 0x0000000787900000| Untracked 
| 122|0x0000000787a00000, 0x0000000787a98c78, 0x0000000787b00000| 59%| E|  |TAMS 0x0000000787a00000, 0x0000000787a00000| Complete 
| 123|0x0000000787b00000, 0x0000000787c00000, 0x0000000787c00000|100%| E|CS|TAMS 0x0000000787b00000, 0x0000000787b00000| Complete 
| 124|0x0000000787c00000, 0x0000000787d00000, 0x0000000787d00000|100%| E|CS|TAMS 0x0000000787c00000, 0x0000000787c00000| Complete 
| 125|0x0000000787d00000, 0x0000000787e00000, 0x0000000787e00000|100%| E|CS|TAMS 0x0000000787d00000, 0x0000000787d00000| Complete 
| 126|0x0000000787e00000, 0x0000000787f00000, 0x0000000787f00000|100%| E|CS|TAMS 0x0000000787e00000, 0x0000000787e00000| Complete 
| 127|0x0000000787f00000, 0x0000000788000000, 0x0000000788000000|100%| E|CS|TAMS 0x0000000787f00000, 0x0000000787f00000| Complete 
|1022|0x00000007bfe00000, 0x00000007bfe51000, 0x00000007bff00000| 31%|OA|  |TAMS 0x00000007bfe00000, 0x00000007bfe00000| Untracked 
|1023|0x00000007bff00000, 0x00000007bff7b000, 0x00000007c0000000| 48%|CA|  |TAMS 0x00000007bff00000, 0x00000007bff00000| Untracked 

Card table byte_map: [0x000000010839f000,0x000000010879f000] _byte_map_base: 0x000000010479f000

Marking Bits (Prev, Next): (CMBitMap*) 0x00007fb23f827618, (CMBitMap*) 0x00007fb23f827658
 Prev Bits: [0x0000000108b9f000, 0x000000010ab9f000)
 Next Bits: [0x000000010ab9f000, 0x000000010cb9f000)

Polling page: 0x00000001067b6000

Metaspace:

Usage:
  Non-class:      4.89 MB capacity,     1.94 MB ( 40%) used,     2.95 MB ( 60%) free+waste,     4.94 KB ( <1%) overhead. 
      Class:    465.00 KB capacity,   166.09 KB ( 36%) used,   296.04 KB ( 64%) free+waste,     2.88 KB ( <1%) overhead. 
       Both:      5.34 MB capacity,     2.10 MB ( 39%) used,     3.23 MB ( 61%) free+waste,     7.81 KB ( <1%) overhead. 

Virtual space:
  Non-class space:        8.00 MB reserved,       5.00 MB ( 62%) committed 
      Class space:        1.00 GB reserved,     512.00 KB ( <1%) committed 
             Both:        1.01 GB reserved,       5.50 MB ( <1%) committed 

Chunk freelists:
   Non-Class:  35.00 KB
       Class:  0 bytes
        Both:  35.00 KB

MaxMetaspaceSize: unlimited
CompressedClassSpaceSize: 1.00 GB

CodeHeap 'non-profiled nmethods': size=120032Kb used=124Kb max_used=124Kb free=119907Kb
 bounds [0x000000011eb00000, 0x000000011ed70000, 0x0000000126038000]
CodeHeap 'profiled nmethods': size=120028Kb used=536Kb max_used=536Kb free=119491Kb
 bounds [0x00000001175c9000, 0x0000000117839000, 0x000000011eb00000]
CodeHeap 'non-nmethods': size=5700Kb used=1487Kb max_used=1503Kb free=4212Kb
 bounds [0x0000000117038000, 0x00000001172a8000, 0x00000001175c9000]
 total_blobs=1230 nmethods=384 adapters=760
 compilation: enabled
              stopped_count=0, restarted_count=0
 full_count=0

Compilation events (20 events):
Event: 0.602 Thread 0x00007fb24002c800 nmethod 376 0x000000011764ac90 code [0x000000011764b000, 0x000000011764c640]
Event: 0.602 Thread 0x00007fb24002c800  374       3       java.lang.String::<init> (10 bytes)
Event: 0.603 Thread 0x00007fb24002c800 nmethod 374 0x000000011764ce10 code [0x000000011764cfa0, 0x000000011764d100]
Event: 0.603 Thread 0x00007fb24002c800  377       3       java.nio.DirectByteBuffer::<init> (55 bytes)
Event: 0.603 Thread 0x00007fb24002c800 nmethod 377 0x000000011764d210 code [0x000000011764d3e0, 0x000000011764d940]
Event: 0.603 Thread 0x00007fb24002c800  378   !   3       jdk.internal.jimage.BasicImageReader::slice (32 bytes)
Event: 0.603 Thread 0x00007fb24002c800 nmethod 378 0x000000011764db10 code [0x000000011764dce0, 0x000000011764e1e0]
Event: 0.603 Thread 0x00007fb24002c800  379       3       java.nio.DirectByteBufferR::<init> (21 bytes)
Event: 0.604 Thread 0x00007fb24002c800 nmethod 379 0x000000011764e390 code [0x000000011764e520, 0x000000011764e680]
Event: 0.604 Thread 0x00007fb24002c800  380       3       java.nio.DirectByteBufferR::slice (66 bytes)
Event: 0.604 Thread 0x00007fb24002c800 nmethod 380 0x000000011764e790 code [0x000000011764e940, 0x000000011764ec40]
Event: 0.604 Thread 0x00007fb24002c800  381       1       java.security.CodeSource::getLocationNoFragString (5 bytes)
Event: 0.604 Thread 0x00007fb24002c800 nmethod 381 0x000000011eb1d210 code [0x000000011eb1d3a0, 0x000000011eb1d470]
Event: 0.614 Thread 0x00007fb24002c800  383       3       java.nio.Buffer::remaining (10 bytes)
Event: 0.615 Thread 0x00007fb24002c800 nmethod 383 0x000000011764ed90 code [0x000000011764ef20, 0x000000011764f030]
Event: 0.615 Thread 0x00007fb24002c800  382       1       org.lwjgl.system.Pointer$Default::address (5 bytes)
Event: 0.615 Thread 0x00007fb24002c800 nmethod 382 0x000000011eb1d510 code [0x000000011eb1d6a0, 0x000000011eb1d770]
Event: 0.615 Thread 0x00007fb24002c800  384       3       java.nio.ByteOrder::nativeOrder (4 bytes)
Event: 0.615 Thread 0x00007fb24002c800 nmethod 384 0x000000011764f090 code [0x000000011764f220, 0x000000011764f310]
Event: 0.621 Thread 0x00007fb24082e000 nmethod 371 0x000000011eb1d810 code [0x000000011eb1dae0, 0x000000011eb1e6e8]

GC Heap History (0 events):
No events

Deoptimization events (8 events):
Event: 0.248 Thread 0x00007fb240019800 DEOPT PACKING pc=0x00000001175f3690 sp=0x00007000099d5660
Event: 0.248 Thread 0x00007fb240019800 DEOPT UNPACKING pc=0x000000011708133a sp=0x00007000099d4ad8 mode 0
Event: 0.275 Thread 0x00007fb240019800 DEOPT PACKING pc=0x00000001175f1e22 sp=0x00007000099d5030
Event: 0.275 Thread 0x00007fb240019800 DEOPT UNPACKING pc=0x000000011708133a sp=0x00007000099d44b8 mode 0
Event: 0.296 Thread 0x00007fb240019800 DEOPT PACKING pc=0x00000001175dfa2f sp=0x00007000099d1df0
Event: 0.296 Thread 0x00007fb240019800 DEOPT UNPACKING pc=0x000000011708133a sp=0x00007000099d1298 mode 0
Event: 0.301 Thread 0x00007fb240019800 DEOPT PACKING pc=0x00000001175dfa2f sp=0x00007000099d4c80
Event: 0.301 Thread 0x00007fb240019800 DEOPT UNPACKING pc=0x000000011708133a sp=0x00007000099d4128 mode 0

Classes unloaded (0 events):
No events

Classes redefined (0 events):
No events

Internal exceptions (5 events):
Event: 0.289 Thread 0x00007fb240019800 Exception <a 'java/lang/NoSuchMethodError'{0x0000000787d75e30}: 'void java.lang.invoke.DelegatingMethodHandle$Holder.delegate(java.lang.Object, java.lang.Object, int, java.lang.Object)'> (0x0000000787d75e30) 
thrown [./open/src/hotspot/share/interpreter/linkResolver.cpp, line 766]
Event: 0.290 Thread 0x00007fb240019800 Exception <a 'java/lang/NoSuchMethodError'{0x0000000787d7c838}: 'java.lang.Object java.lang.invoke.DirectMethodHandle$Holder.invokeStaticInit(java.lang.Object, java.lang.Object, java.lang.Object)'> (0x0000000787d7c838) 
thrown [./open/src/hotspot/share/interpreter/linkResolver.cpp, line 766]
Event: 0.375 Thread 0x00007fb240019800 Exception <a 'sun/nio/fs/UnixException'{0x0000000787c3c8e8}> (0x0000000787c3c8e8) 
thrown [./open/src/hotspot/share/prims/jni.cpp, line 599]
Event: 0.420 Thread 0x00007fb240019800 Exception <a 'sun/nio/fs/UnixException'{0x0000000787ca8a48}> (0x0000000787ca8a48) 
thrown [./open/src/hotspot/share/prims/jni.cpp, line 599]
Event: 0.600 Thread 0x00007fb240019800 Exception <a 'sun/nio/fs/UnixException'{0x0000000787a281b0}> (0x0000000787a281b0) 
thrown [./open/src/hotspot/share/prims/jni.cpp, line 599]

Events (20 events):
Event: 0.443 loading class java/nio/DirectDoubleBufferU
Event: 0.444 loading class java/nio/DirectDoubleBufferU done
Event: 0.444 loading class sun/misc/Unsafe
Event: 0.444 loading class sun/misc/Unsafe done
Event: 0.447 loading class jdk/internal/reflect/UnsafeFieldAccessorFactory
Event: 0.447 loading class jdk/internal/reflect/UnsafeFieldAccessorFactory done
Event: 0.447 loading class jdk/internal/reflect/UnsafeQualifiedStaticObjectFieldAccessorImpl
Event: 0.447 loading class jdk/internal/reflect/UnsafeQualifiedStaticFieldAccessorImpl
Event: 0.447 loading class jdk/internal/reflect/UnsafeQualifiedStaticFieldAccessorImpl done
Event: 0.447 loading class jdk/internal/reflect/UnsafeQualifiedStaticObjectFieldAccessorImpl done
Event: 0.457 loading class java/math/MutableBigInteger
Event: 0.458 loading class java/math/MutableBigInteger done
Event: 0.458 loading class java/nio/BufferOverflowException
Event: 0.458 loading class java/nio/BufferOverflowException done
Event: 0.458 loading class java/nio/InvalidMarkException
Event: 0.459 loading class java/nio/InvalidMarkException done
Event: 0.459 loading class java/nio/BufferUnderflowException
Event: 0.459 loading class java/nio/BufferUnderflowException done
Event: 0.462 loading class java/lang/IndexOutOfBoundsException
Event: 0.462 loading class java/lang/IndexOutOfBoundsException done


Dynamic libraries:
0x00007fff67978000 	/usr/lib/libz.1.dylib
0x0000000106789000 	/Users/user/Library/Java/JavaVirtualMachines/openjdk-14.0.2/Contents/Home/lib/libjli.dylib
0x00007fff2d3cb000 	/System/Library/Frameworks/Cocoa.framework/Versions/A/Cocoa
0x00007fff3ac0d000 	/System/Library/Frameworks/Security.framework/Versions/A/Security
0x00007fff2c331000 	/System/Library/Frameworks/ApplicationServices.framework/Versions/A/ApplicationServices
0x00007fff653ae000 	/usr/lib/libSystem.B.dylib
0x00007fff68239000 	/usr/lib/system/libcache.dylib
0x00007fff6823f000 	/usr/lib/system/libcommonCrypto.dylib
0x00007fff6824b000 	/usr/lib/system/libcompiler_rt.dylib
0x00007fff68253000 	/usr/lib/system/libcopyfile.dylib
0x00007fff6825d000 	/usr/lib/system/libcorecrypto.dylib
0x00007fff683fc000 	/usr/lib/system/libdispatch.dylib
0x00007fff6843d000 	/usr/lib/system/libdyld.dylib
0x00007fff68474000 	/usr/lib/system/libkeymgr.dylib
0x00007fff68482000 	/usr/lib/system/liblaunch.dylib
0x00007fff68483000 	/usr/lib/system/libmacho.dylib
0x00007fff68489000 	/usr/lib/system/libquarantine.dylib
0x00007fff6848c000 	/usr/lib/system/libremovefile.dylib
0x00007fff6848e000 	/usr/lib/system/libsystem_asl.dylib
0x00007fff684a6000 	/usr/lib/system/libsystem_blocks.dylib
0x00007fff684a7000 	/usr/lib/system/libsystem_c.dylib
0x00007fff6852f000 	/usr/lib/system/libsystem_configuration.dylib
0x00007fff68533000 	/usr/lib/system/libsystem_coreservices.dylib
0x00007fff68537000 	/usr/lib/system/libsystem_darwin.dylib
0x00007fff68540000 	/usr/lib/system/libsystem_dnssd.dylib
0x00007fff68548000 	/usr/lib/system/libsystem_featureflags.dylib
0x00007fff6854a000 	/usr/lib/system/libsystem_info.dylib
0x00007fff685c5000 	/usr/lib/system/libsystem_m.dylib
0x00007fff68611000 	/usr/lib/system/libsystem_malloc.dylib
0x00007fff68639000 	/usr/lib/system/libsystem_networkextension.dylib
0x00007fff68647000 	/usr/lib/system/libsystem_notify.dylib
0x00007fff68665000 	/usr/lib/system/libsystem_sandbox.dylib
0x00007fff6866a000 	/usr/lib/system/libsystem_secinit.dylib
0x00007fff68598000 	/usr/lib/system/libsystem_kernel.dylib
0x00007fff68651000 	/usr/lib/system/libsystem_platform.dylib
0x00007fff6865a000 	/usr/lib/system/libsystem_pthread.dylib
0x00007fff6866d000 	/usr/lib/system/libsystem_symptoms.dylib
0x00007fff68675000 	/usr/lib/system/libsystem_trace.dylib
0x00007fff6868d000 	/usr/lib/system/libunwind.dylib
0x00007fff68693000 	/usr/lib/system/libxpc.dylib
0x00007fff672a5000 	/usr/lib/libobjc.A.dylib
0x00007fff6577d000 	/usr/lib/libc++abi.dylib
0x00007fff6572a000 	/usr/lib/libc++.1.dylib
0x00007fff2e27e000 	/System/Library/Frameworks/CoreFoundation.framework/Versions/A/CoreFoundation
0x00007fff3095f000 	/System/Library/Frameworks/Foundation.framework/Versions/C/Foundation
0x00007fff2b521000 	/System/Library/Frameworks/AppKit.framework/Versions/C/AppKit
0x00007fff2dd4f000 	/System/Library/Frameworks/CoreData.framework/Versions/A/CoreData
0x00007fff5f3a9000 	/System/Library/PrivateFrameworks/UIFoundation.framework/Versions/A/UIFoundation
0x00007fff5a43d000 	/System/Library/PrivateFrameworks/RemoteViewServices.framework/Versions/A/RemoteViewServices
0x00007fff61f1e000 	/System/Library/PrivateFrameworks/XCTTargetBootstrap.framework/Versions/A/XCTTargetBootstrap
0x00007fff2e14b000 	/System/Library/Frameworks/CoreDisplay.framework/Versions/A/CoreDisplay
0x00007fff3381d000 	/System/Library/Frameworks/Metal.framework/Versions/A/Metal
0x00007fff48425000 	/System/Library/PrivateFrameworks/DesktopServicesPriv.framework/Versions/A/DesktopServicesPriv
0x00007fff66580000 	/usr/lib/liblangid.dylib
0x00007fff476ba000 	/System/Library/PrivateFrameworks/CoreSVG.framework/Versions/A/CoreSVG
0x00007fff5d599000 	/System/Library/PrivateFrameworks/SkyLight.framework/Versions/A/SkyLight
0x00007fff2e700000 	/System/Library/Frameworks/CoreGraphics.framework/Versions/A/CoreGraphics
0x00007fff29e90000 	/System/Library/Frameworks/Accelerate.framework/Versions/A/Accelerate
0x00007fff67869000 	/usr/lib/libxml2.2.dylib
0x00007fff533c7000 	/System/Library/PrivateFrameworks/IconServices.framework/Versions/A/IconServices
0x00007fff3113e000 	/System/Library/Frameworks/IOSurface.framework/Versions/A/IOSurface
0x00007fff64ed8000 	/usr/lib/libDiagnosticMessagesClient.dylib
0x00007fff4827f000 	/System/Library/PrivateFrameworks/DFRFoundation.framework/Versions/A/DFRFoundation
0x00007fff6630f000 	/usr/lib/libicucore.A.dylib
0x00007fff2c663000 	/System/Library/Frameworks/AudioToolbox.framework/Versions/A/AudioToolbox
0x00007fff2c746000 	/System/Library/Frameworks/AudioUnit.framework/Versions/A/AudioUnit
0x00007fff65646000 	/usr/lib/libauto.dylib
0x00007fff48321000 	/System/Library/PrivateFrameworks/DataDetectorsCore.framework/Versions/A/DataDetectorsCore
0x00007fff2ceec000 	/System/Library/Frameworks/Carbon.framework/Versions/A/Frameworks/HIToolbox.framework/Versions/A/HIToolbox
0x00007fff39e07000 	/System/Library/Frameworks/QuartzCore.framework/Versions/A/QuartzCore
0x00007fff2d22b000 	/System/Library/Frameworks/Carbon.framework/Versions/A/Frameworks/SpeechRecognition.framework/Versions/A/SpeechRecognition
0x00007fff47d93000 	/System/Library/PrivateFrameworks/CoreUI.framework/Versions/A/CoreUI
0x00007fff2d7ba000 	/System/Library/Frameworks/CoreAudio.framework/Versions/A/CoreAudio
0x00007fff3061e000 	/System/Library/Frameworks/DiskArbitration.framework/Versions/A/DiskArbitration
0x00007fff55417000 	/System/Library/PrivateFrameworks/MultitouchSupport.framework/Versions/A/MultitouchSupport
0x00007fff661d6000 	/usr/lib/libenergytrace.dylib
0x00007fff31098000 	/System/Library/Frameworks/IOKit.framework/Versions/A/IOKit
0x00007fff2f68a000 	/System/Library/Frameworks/CoreServices.framework/Versions/A/CoreServices
0x00007fff575d0000 	/System/Library/PrivateFrameworks/PerformanceAnalysis.framework/Versions/A/PerformanceAnalysis
0x00007fff38e3a000 	/System/Library/Frameworks/OpenGL.framework/Versions/A/OpenGL
0x00007fff2d3d9000 	/System/Library/Frameworks/ColorSync.framework/Versions/A/ColorSync
0x00007fff2eda6000 	/System/Library/Frameworks/CoreImage.framework/Versions/A/CoreImage
0x00007fff300fd000 	/System/Library/Frameworks/CoreText.framework/Versions/A/CoreText
0x00007fff311ce000 	/System/Library/Frameworks/ImageIO.framework/Versions/A/ImageIO
0x00007fff657a6000 	/usr/lib/libcompression.dylib
0x00007fff6521c000 	/usr/lib/libMobileGestalt.dylib
0x00007fff5f113000 	/System/Library/PrivateFrameworks/TextureIO.framework/Versions/A/TextureIO
0x00007fff65513000 	/usr/lib/libate.dylib
0x00007fff535d0000 	/System/Library/PrivateFrameworks/InternationalSupport.framework/Versions/A/InternationalSupport
0x00007fff66582000 	/usr/lib/liblzma.5.dylib
0x00007fff661fd000 	/usr/lib/libfakelink.dylib
0x00007fff654a0000 	/usr/lib/libarchive.2.dylib
0x00007fff3bcbe000 	/System/Library/Frameworks/SystemConfiguration.framework/Versions/A/SystemConfiguration
0x00007fff64e0b000 	/usr/lib/libCRFSuite.dylib
0x00007fff2cadd000 	/System/Library/Frameworks/CFNetwork.framework/Versions/A/CFNetwork
0x00007fff6570c000 	/usr/lib/libbsm.0.dylib
0x00007fff68475000 	/usr/lib/system/libkxld.dylib
0x00007fff41bfb000 	/System/Library/PrivateFrameworks/AppleFSCompression.framework/Versions/A/AppleFSCompression
0x00007fff65a98000 	/usr/lib/libcoretls.dylib
0x00007fff65aaf000 	/usr/lib/libcoretls_cfhelpers.dylib
0x00007fff672ea000 	/usr/lib/libpam.2.dylib
0x00007fff6741f000 	/usr/lib/libsqlite3.dylib
0x00007fff67856000 	/usr/lib/libxar.1.dylib
0x00007fff6571d000 	/usr/lib/libbz2.1.0.dylib
0x00007fff6621e000 	/usr/lib/libiconv.2.dylib
0x00007fff65793000 	/usr/lib/libcharset.1.dylib
0x00007fff66d88000 	/usr/lib/libnetwork.dylib
0x00007fff672f1000 	/usr/lib/libpcap.A.dylib
0x00007fff65455000 	/usr/lib/libapple_nghttp2.dylib
0x00007fff2fa41000 	/System/Library/Frameworks/CoreServices.framework/Versions/A/Frameworks/FSEvents.framework/Versions/A/FSEvents
0x00007fff2f711000 	/System/Library/Frameworks/CoreServices.framework/Versions/A/Frameworks/CarbonCore.framework/Versions/A/CarbonCore
0x00007fff2fc85000 	/System/Library/Frameworks/CoreServices.framework/Versions/A/Frameworks/Metadata.framework/Versions/A/Metadata
0x00007fff2fd1e000 	/System/Library/Frameworks/CoreServices.framework/Versions/A/Frameworks/OSServices.framework/Versions/A/OSServices
0x00007fff2fd4c000 	/System/Library/Frameworks/CoreServices.framework/Versions/A/Frameworks/SearchKit.framework/Versions/A/SearchKit
0x00007fff2f68b000 	/System/Library/Frameworks/CoreServices.framework/Versions/A/Frameworks/AE.framework/Versions/A/AE
0x00007fff2fa4a000 	/System/Library/Frameworks/CoreServices.framework/Versions/A/Frameworks/LaunchServices.framework/Versions/A/LaunchServices
0x00007fff2f9f3000 	/System/Library/Frameworks/CoreServices.framework/Versions/A/Frameworks/DictionaryServices.framework/Versions/A/DictionaryServices
0x00007fff2fdb4000 	/System/Library/Frameworks/CoreServices.framework/Versions/A/Frameworks/SharedFileList.framework/Versions/A/SharedFileList
0x00007fff34c59000 	/System/Library/Frameworks/NetFS.framework/Versions/A/NetFS
0x00007fff55947000 	/System/Library/PrivateFrameworks/NetAuth.framework/Versions/A/NetAuth
0x00007fff622eb000 	/System/Library/PrivateFrameworks/login.framework/Versions/A/Frameworks/loginsupport.framework/Versions/A/loginsupport
0x00007fff5ebde000 	/System/Library/PrivateFrameworks/TCC.framework/Versions/A/TCC
0x00007fff4682d000 	/System/Library/PrivateFrameworks/CoreNLP.framework/Versions/A/CoreNLP
0x00007fff54e44000 	/System/Library/PrivateFrameworks/MetadataUtilities.framework/Versions/A/MetadataUtilities
0x00007fff6665a000 	/usr/lib/libmecabra.dylib
0x00007fff665b2000 	/usr/lib/libmecab.dylib
0x00007fff6620e000 	/usr/lib/libgermantok.dylib
0x00007fff6543c000 	/usr/lib/libThaiTokenizer.dylib
0x00007fff64e42000 	/usr/lib/libChineseTokenizer.dylib
0x00007fff29ea9000 	/System/Library/Frameworks/Accelerate.framework/Versions/A/Frameworks/vImage.framework/Versions/A/vImage
0x00007fff2b377000 	/System/Library/Frameworks/Accelerate.framework/Versions/A/Frameworks/vecLib.framework/Versions/A/vecLib
0x00007fff2b1f8000 	/System/Library/Frameworks/Accelerate.framework/Versions/A/Frameworks/vecLib.framework/Versions/A/libvMisc.dylib
0x00007fff2b065000 	/System/Library/Frameworks/Accelerate.framework/Versions/A/Frameworks/vecLib.framework/Versions/A/libvDSP.dylib
0x00007fff2a745000 	/System/Library/Frameworks/Accelerate.framework/Versions/A/Frameworks/vecLib.framework/Versions/A/libBLAS.dylib
0x00007fff2ac1d000 	/System/Library/Frameworks/Accelerate.framework/Versions/A/Frameworks/vecLib.framework/Versions/A/libLAPACK.dylib
0x00007fff2afc5000 	/System/Library/Frameworks/Accelerate.framework/Versions/A/Frameworks/vecLib.framework/Versions/A/libLinearAlgebra.dylib
0x00007fff2b052000 	/System/Library/Frameworks/Accelerate.framework/Versions/A/Frameworks/vecLib.framework/Versions/A/libSparseBLAS.dylib
0x00007fff2afdb000 	/System/Library/Frameworks/Accelerate.framework/Versions/A/Frameworks/vecLib.framework/Versions/A/libQuadrature.dylib
0x00007fff2a8db000 	/System/Library/Frameworks/Accelerate.framework/Versions/A/Frameworks/vecLib.framework/Versions/A/libBNNS.dylib
0x00007fff2afe1000 	/System/Library/Frameworks/Accelerate.framework/Versions/A/Frameworks/vecLib.framework/Versions/A/libSparse.dylib
0x00007fff539b8000 	/System/Library/PrivateFrameworks/LanguageModeling.framework/Versions/A/LanguageModeling
0x00007fff461dd000 	/System/Library/PrivateFrameworks/CoreEmoji.framework/Versions/A/CoreEmoji
0x00007fff53ad6000 	/System/Library/PrivateFrameworks/LinguisticData.framework/Versions/A/LinguisticData
0x00007fff53a87000 	/System/Library/PrivateFrameworks/Lexicon.framework/Versions/A/Lexicon
0x00007fff65794000 	/usr/lib/libcmph.dylib
0x00007fff37848000 	/System/Library/Frameworks/OpenDirectory.framework/Versions/A/Frameworks/CFOpenDirectory.framework/Versions/A/CFOpenDirectory
0x00007fff37865000 	/System/Library/Frameworks/OpenDirectory.framework/Versions/A/OpenDirectory
0x00007fff3fca8000 	/System/Library/PrivateFrameworks/APFS.framework/Versions/A/APFS
0x00007fff3af57000 	/System/Library/Frameworks/SecurityFoundation.framework/Versions/A/SecurityFoundation
0x00007fff67852000 	/usr/lib/libutil.dylib
0x00007fff47712000 	/System/Library/PrivateFrameworks/CoreServicesStore.framework/Versions/A/CoreServicesStore
0x00007fff3b00e000 	/System/Library/Frameworks/ServiceManagement.framework/Versions/A/ServiceManagement
0x00007fff433cb000 	/System/Library/PrivateFrameworks/BackgroundTaskManagement.framework/Versions/A/BackgroundTaskManagement
0x00007fff6794f000 	/usr/lib/libxslt.1.dylib
0x00007fff4226e000 	/System/Library/PrivateFrameworks/AppleSystemInfo.framework/Versions/A/AppleSystemInfo
0x00007fff313ec000 	/System/Library/Frameworks/ImageIO.framework/Versions/A/Resources/libJPEG.dylib
0x00007fff316ab000 	/System/Library/Frameworks/ImageIO.framework/Versions/A/Resources/libTIFF.dylib
0x00007fff3168e000 	/System/Library/Frameworks/ImageIO.framework/Versions/A/Resources/libPng.dylib
0x00007fff3132e000 	/System/Library/Frameworks/ImageIO.framework/Versions/A/Resources/libGIF.dylib
0x00007fff31332000 	/System/Library/Frameworks/ImageIO.framework/Versions/A/Resources/libJP2.dylib
0x00007fff316a9000 	/System/Library/Frameworks/ImageIO.framework/Versions/A/Resources/libRadiance.dylib
0x00007fff661d7000 	/usr/lib/libexpat.1.dylib
0x00007fff41d56000 	/System/Library/PrivateFrameworks/AppleJPEG.framework/Versions/A/AppleJPEG
0x00007fff4aa28000 	/System/Library/PrivateFrameworks/FontServices.framework/libFontParser.dylib
0x00007fff612ed000 	/System/Library/PrivateFrameworks/WatchdogClient.framework/Versions/A/WatchdogClient
0x00007fff53013000 	/System/Library/PrivateFrameworks/IOAccelerator.framework/Versions/A/IOAccelerator
0x00007fff33bb8000 	/System/Library/Frameworks/MetalPerformanceShaders.framework/Versions/A/MetalPerformanceShaders
0x00007fff4f7a3000 	/System/Library/PrivateFrameworks/GPUWrangler.framework/Versions/A/GPUWrangler
0x00007fff53028000 	/System/Library/PrivateFrameworks/IOPresentment.framework/Versions/A/IOPresentment
0x00007fff48292000 	/System/Library/PrivateFrameworks/DSExternalDisplay.framework/Versions/A/DSExternalDisplay
0x00007fff381d9000 	/System/Library/Frameworks/OpenGL.framework/Versions/A/Libraries/libCoreFSCache.dylib
0x00007fff33904000 	/System/Library/Frameworks/MetalPerformanceShaders.framework/Frameworks/MPSCore.framework/Versions/A/MPSCore
0x00007fff33942000 	/System/Library/Frameworks/MetalPerformanceShaders.framework/Frameworks/MPSImage.framework/Versions/A/MPSImage
0x00007fff33a09000 	/System/Library/Frameworks/MetalPerformanceShaders.framework/Frameworks/MPSNeuralNetwork.framework/Versions/A/MPSNeuralNetwork
0x00007fff339cd000 	/System/Library/Frameworks/MetalPerformanceShaders.framework/Frameworks/MPSMatrix.framework/Versions/A/MPSMatrix
0x00007fff33b68000 	/System/Library/Frameworks/MetalPerformanceShaders.framework/Frameworks/MPSRayIntersector.framework/Versions/A/MPSRayIntersector
0x00007fff339f3000 	/System/Library/Frameworks/MetalPerformanceShaders.framework/Frameworks/MPSNDArray.framework/Versions/A/MPSNDArray
0x00007fff54e91000 	/System/Library/PrivateFrameworks/MetalTools.framework/Versions/A/MetalTools
0x00007fff40e82000 	/System/Library/PrivateFrameworks/AggregateDictionary.framework/Versions/A/AggregateDictionary
0x00007fff45c25000 	/System/Library/PrivateFrameworks/CoreAnalytics.framework/Versions/A/CoreAnalytics
0x00007fff4218d000 	/System/Library/PrivateFrameworks/AppleSauce.framework/Versions/A/AppleSauce
0x00007fff650fe000 	/usr/lib/libIOReport.dylib
0x00007fff302b5000 	/System/Library/Frameworks/CoreVideo.framework/Versions/A/CoreVideo
0x00007fff50c1c000 	/System/Library/PrivateFrameworks/GraphVisualizer.framework/Versions/A/GraphVisualizer
0x00007fff49f6e000 	/System/Library/PrivateFrameworks/FaceCore.framework/Versions/A/FaceCore
0x00007fff377ef000 	/System/Library/Frameworks/OpenCL.framework/Versions/A/OpenCL
0x00007fff64f20000 	/usr/lib/libFosl_dynamic.dylib
0x00007fff56368000 	/System/Library/PrivateFrameworks/OTSVG.framework/Versions/A/OTSVG
0x00007fff2c436000 	/System/Library/Frameworks/ApplicationServices.framework/Versions/A/Frameworks/ATS.framework/Versions/A/Resources/libFontRegistry.dylib
0x00007fff4abf7000 	/System/Library/PrivateFrameworks/FontServices.framework/libhvf.dylib
0x00007fff381e4000 	/System/Library/Frameworks/OpenGL.framework/Versions/A/Libraries/libGFXShared.dylib
0x00007fff383c2000 	/System/Library/Frameworks/OpenGL.framework/Versions/A/Libraries/libGLU.dylib
0x00007fff381ed000 	/System/Library/Frameworks/OpenGL.framework/Versions/A/Libraries/libGL.dylib
0x00007fff381f8000 	/System/Library/Frameworks/OpenGL.framework/Versions/A/Libraries/libGLImage.dylib
0x00007fff381d6000 	/System/Library/Frameworks/OpenGL.framework/Versions/A/Libraries/libCVMSPluginSupport.dylib
0x00007fff381df000 	/System/Library/Frameworks/OpenGL.framework/Versions/A/Libraries/libCoreVMClient.dylib
0x00007fff66c29000 	/usr/lib/libncurses.5.4.dylib
0x00007fff2c332000 	/System/Library/Frameworks/ApplicationServices.framework/Versions/A/Frameworks/ATS.framework/Versions/A/ATS
0x00007fff2c4ff000 	/System/Library/Frameworks/ApplicationServices.framework/Versions/A/Frameworks/ColorSyncLegacy.framework/Versions/A/ColorSyncLegacy
0x00007fff2c59d000 	/System/Library/Frameworks/ApplicationServices.framework/Versions/A/Frameworks/HIServices.framework/Versions/A/HIServices
0x00007fff2c5f5000 	/System/Library/Frameworks/ApplicationServices.framework/Versions/A/Frameworks/LangAnalysis.framework/Versions/A/LangAnalysis
0x00007fff2c604000 	/System/Library/Frameworks/ApplicationServices.framework/Versions/A/Frameworks/PrintCore.framework/Versions/A/PrintCore
0x00007fff2c64a000 	/System/Library/Frameworks/ApplicationServices.framework/Versions/A/Frameworks/QD.framework/Versions/A/QD
0x00007fff2c655000 	/System/Library/Frameworks/ApplicationServices.framework/Versions/A/Frameworks/SpeechSynthesis.framework/Versions/A/SpeechSynthesis
0x00007fff2c4cf000 	/System/Library/Frameworks/ApplicationServices.framework/Versions/A/Frameworks/ATSUI.framework/Versions/A/ATSUI
0x00007fff6606d000 	/usr/lib/libcups.2.dylib
0x00007fff32c53000 	/System/Library/Frameworks/Kerberos.framework/Versions/A/Kerberos
0x00007fff30d91000 	/System/Library/Frameworks/GSS.framework/Versions/A/GSS
0x00007fff673ab000 	/usr/lib/libresolv.9.dylib
0x00007fff50dc9000 	/System/Library/PrivateFrameworks/Heimdal.framework/Versions/A/Heimdal
0x00007fff32c66000 	/System/Library/Frameworks/Kerberos.framework/Versions/A/Libraries/libHeimdalProxy.dylib
0x00007fff66214000 	/usr/lib/libheimdal-asn1.dylib
0x00007fff450bd000 	/System/Library/PrivateFrameworks/CommonAuth.framework/Versions/A/CommonAuth
0x00007fff4230b000 	/System/Library/PrivateFrameworks/AssertionServices.framework/Versions/A/AssertionServices
0x00007fff42eae000 	/System/Library/PrivateFrameworks/AudioToolboxCore.framework/Versions/A/AudioToolboxCore
0x00007fff61f9b000 	/System/Library/PrivateFrameworks/caulk.framework/Versions/A/caulk
0x00007fff43477000 	/System/Library/PrivateFrameworks/BaseBoard.framework/Versions/A/BaseBoard
0x00007fff5a5cb000 	/System/Library/PrivateFrameworks/RunningBoardServices.framework/Versions/A/RunningBoardServices
0x00007fff575dc000 	/System/Library/PrivateFrameworks/PersistentConnection.framework/Versions/A/PersistentConnection
0x00007fff59fc4000 	/System/Library/PrivateFrameworks/ProtocolBuffer.framework/Versions/A/ProtocolBuffer
0x00007fff450e1000 	/System/Library/PrivateFrameworks/CommonUtilities.framework/Versions/A/CommonUtilities
0x00007fff43605000 	/System/Library/PrivateFrameworks/Bom.framework/Versions/A/Bom
0x00007fff64dd1000 	/usr/lib/libAudioToolboxUtility.dylib
0x00007fff433d5000 	/System/Library/PrivateFrameworks/Backup.framework/Versions/A/Backup
0x00007fff481b3000 	/System/Library/PrivateFrameworks/CrashReporterSupport.framework/Versions/A/CrashReporterSupport
0x00007fff5c05d000 	/System/Library/PrivateFrameworks/Sharing.framework/Versions/A/Sharing
0x00007fff41919000 	/System/Library/PrivateFrameworks/Apple80211.framework/Versions/A/Apple80211
0x00007fff430f2000 	/System/Library/PrivateFrameworks/AuthKit.framework/Versions/A/AuthKit
0x00007fff47ec0000 	/System/Library/PrivateFrameworks/CoreUtils.framework/Versions/A/CoreUtils
0x00007fff302fa000 	/System/Library/Frameworks/CoreWLAN.framework/Versions/A/CoreWLAN
0x00007fff30f1e000 	/System/Library/Frameworks/IOBluetooth.framework/Versions/A/IOBluetooth
0x00007fff55196000 	/System/Library/PrivateFrameworks/MobileKeyBag.framework/Versions/A/MobileKeyBag
0x00007fff46cc5000 	/System/Library/PrivateFrameworks/CorePhoneNumbers.framework/Versions/A/CorePhoneNumbers
0x00007fff41d09000 	/System/Library/PrivateFrameworks/AppleIDAuthSupport.framework/Versions/A/AppleIDAuthSupport
0x00007fff34c66000 	/System/Library/Frameworks/Network.framework/Versions/A/Network
0x00007fff53864000 	/System/Library/PrivateFrameworks/KeychainCircle.framework/Versions/A/KeychainCircle
0x00007fff2dd16000 	/System/Library/Frameworks/CoreBluetooth.framework/Versions/A/CoreBluetooth
0x00007fff5e0dc000 	/System/Library/PrivateFrameworks/SpeechRecognitionCore.framework/Versions/A/SpeechRecognitionCore
0x0000000107000000 	/Users/user/Library/Java/JavaVirtualMachines/openjdk-14.0.2/Contents/Home/lib/server/libjvm.dylib
0x00000001067ab000 	/Users/user/Library/Java/JavaVirtualMachines/openjdk-14.0.2/Contents/Home/lib/libjimage.dylib
0x0000000107d8a000 	/Users/user/Library/Java/JavaVirtualMachines/openjdk-14.0.2/Contents/Home/lib/libjava.dylib
0x0000000107db1000 	/Users/user/Library/Java/JavaVirtualMachines/openjdk-14.0.2/Contents/Home/lib/libzip.dylib
0x000000010d3f3000 	/Users/user/Library/Java/JavaVirtualMachines/openjdk-14.0.2/Contents/Home/lib/libnio.dylib
0x000000010d406000 	/Users/user/Library/Java/JavaVirtualMachines/openjdk-14.0.2/Contents/Home/lib/libnet.dylib
0x000000010d41e000 	/private/var/folders/lp/kb7w61qx3zl0b5hr1z25xzb00000gn/T/lwjgluser/3.2.3-build-13/liblwjgl.dylib
0x000000010d446000 	/private/var/folders/lp/kb7w61qx3zl0b5hr1z25xzb00000gn/T/lwjgluser/3.2.3-build-13/libglfw.dylib
0x00007fff476de000 	/System/Library/PrivateFrameworks/CoreServicesInternal.framework/Versions/A/CoreServicesInternal
0x00007fff30819000 	/System/Library/Frameworks/FileProvider.framework/Versions/A/FileProvider
0x00007fff2b378000 	/System/Library/Frameworks/Accounts.framework/Versions/A/Accounts
0x00007fff4fac8000 	/System/Library/PrivateFrameworks/GenerationalStorage.framework/Versions/A/GenerationalStorage
0x00007fff47c65000 	/System/Library/PrivateFrameworks/CoreSymbolication.framework/Versions/A/CoreSymbolication
0x00007fff5e91e000 	/System/Library/PrivateFrameworks/SymptomDiagnosticReporter.framework/Versions/A/SymptomDiagnosticReporter
0x00007fff4141d000 	/System/Library/PrivateFrameworks/AppContainer.framework/Versions/A/AppContainer
0x00007fff673c5000 	/usr/lib/libsandbox.1.dylib
0x00007fff60290000 	/System/Library/PrivateFrameworks/UserManagement.framework/Versions/A/UserManagement
0x00007fff441c1000 	/System/Library/PrivateFrameworks/ChunkingLibrary.framework/Versions/A/ChunkingLibrary
0x00007fff483e7000 	/System/Library/PrivateFrameworks/DebugSymbols.framework/Versions/A/DebugSymbols
0x00007fff4148f000 	/System/Library/PrivateFrameworks/AppSandbox.framework/Versions/A/AppSandbox
0x00007fff5bee7000 	/System/Library/PrivateFrameworks/SecCodeWrapper.framework/Versions/A/SecCodeWrapper
0x00007fff651e6000 	/usr/lib/libMatch.1.dylib
0x00007fff29e91000 	/System/Library/Frameworks/Accelerate.framework/Versions/A/Frameworks/vImage.framework/Versions/A/Libraries/libCGInterfaces.dylib
0x00007fff4ab5f000 	/System/Library/PrivateFrameworks/FontServices.framework/libTrueTypeScaler.dylib


VM Arguments:
jvm_args: -Dfile.encoding=UTF-8 -Duser.country=CZ -Duser.language=en -Duser.variant 
java_command: cz.educanet.Main
java_class_path (initial): /Users/user/Documents/GitHub/MovingOpenGL/build/classes/java/main:/Users/user/Documents/GitHub/MovingOpenGL/build/resources/main:/Users/user/.gradle/caches/modules-2/files-2.1/org.lwjgl/lwjgl-assimp/3.2.3/f62aa07a20afbdd3097efc296c4841e0d29700eb/lwjgl-assimp-3.2.3.jar:/Users/user/.gradle/caches/modules-2/files-2.1/org.lwjgl/lwjgl-assimp/3.2.3/6efe40673c59667d5eb759c5a77e53e0f5abdb31/lwjgl-assimp-3.2.3-natives-macos.jar:/Users/user/.gradle/caches/modules-2/files-2.1/org.lwjgl/lwjgl-glfw/3.2.3/5e520d5c290c8b012545a8d34fa5db5ab051ea53/lwjgl-glfw-3.2.3.jar:/Users/user/.gradle/caches/modules-2/files-2.1/org.lwjgl/lwjgl-glfw/3.2.3/58661272eacb9116336c88b4aadccf1f17c09b/lwjgl-glfw-3.2.3-natives-macos.jar:/Users/user/.gradle/caches/modules-2/files-2.1/org.lwjgl/lwjgl-openal/3.2.3/106742e805803ab9eab8e343f0fb31a3d263903c/lwjgl-openal-3.2.3.jar:/Users/user/.gradle/caches/modules-2/files-2.1/org.lwjgl/lwjgl-openal/3.2.3/67ddd2a090589dfe6c4659d7f8b125b43f7b822b/lwjgl-openal-3.2.3-natives-macos.jar:/Users/user/.gradle/caches/modules-2/files-2.1/org.lwjgl/lwjgl-opengl/3.2.3/bdd534a323d0c8f54969b95e424b6ac8984f7d6e/lwjgl-opengl-3.2.3.jar:/Users/user/.gradle/caches/modules-2/files-2.1/org.lwjgl/lwjgl-opengl/3.2.3/efa3326c11336d3e74c9c8aeceb2420328d28e6b/lwjgl-opengl-3.2.3-natives-macos.jar:/Users/user/.gradle/caches/modules-2/files-2.1/org.lwjgl/lwjgl-stb/3.2.3/40eccaa4fa86fc815f2e17946a392fb5fdcc286a/lwjgl-stb-3.2.3.jar:/Users/user/.gradle/caches/modules-2/files-2.1/org.lwjgl/lwjgl-stb/3.2.3/7eed8caff57c3f795af2e2d0049c43a6e4d56474/lwjgl-stb-3.2.3-natives-macos.jar:/Users/user/.gradle/caches/modules-2/files-2.1/org.lwjgl/lwjgl/3.2.3/17a59ba0fe8d474ec9dbe0d5db40d2cfe59c4c08/lwjgl-3.2.3.jar:/Users/user/.gradle/caches/modules-2/files-2.1/org.lwjgl/lwjgl/3.2.3/35f506c5d368017a3cc5590da3d6d3a0760fb606/lwjgl-3.2.3-natives-macos.jar
Launcher Type: SUN_STANDARD

[Global flags]
     intx CICompilerCount                          = 3                                         {product} {ergonomic}
     uint ConcGCThreads                            = 1                                         {product} {ergonomic}
     uint G1ConcRefinementThreads                  = 4                                         {product} {ergonomic}
   size_t G1HeapRegionSize                         = 1048576                                   {product} {ergonomic}
    uintx GCDrainStackTargetSize                   = 64                                        {product} {ergonomic}
   size_t InitialHeapSize                          = 134217728                                 {product} {ergonomic}
   size_t MarkStackSize                            = 4194304                                   {product} {ergonomic}
   size_t MaxHeapSize                              = 2147483648                                {product} {ergonomic}
   size_t MaxNewSize                               = 1287651328                                {product} {ergonomic}
   size_t MinHeapDeltaBytes                        = 1048576                                   {product} {ergonomic}
   size_t MinHeapSize                              = 8388608                                   {product} {ergonomic}
    uintx NonNMethodCodeHeapSize                   = 5832780                                {pd product} {ergonomic}
    uintx NonProfiledCodeHeapSize                  = 122912730                              {pd product} {ergonomic}
    uintx ProfiledCodeHeapSize                     = 122912730                              {pd product} {ergonomic}
    uintx ReservedCodeCacheSize                    = 251658240                              {pd product} {ergonomic}
     bool SegmentedCodeCache                       = true                                      {product} {ergonomic}
   size_t SoftMaxHeapSize                          = 2147483648                             {manageable} {ergonomic}
     bool UseCompressedClassPointers               = true                                 {lp64_product} {ergonomic}
     bool UseCompressedOops                        = true                                 {lp64_product} {ergonomic}
     bool UseG1GC                                  = true                                      {product} {ergonomic}

Logging:
Log output configuration:
 #0: stdout all=warning uptime,level,tags
 #1: stderr all=off uptime,level,tags

Environment Variables:
PATH=/usr/local/bin:/usr/bin:/bin:/usr/sbin:/sbin:/usr/local/share/dotnet:~/.dotnet/tools:/Library/Apple/usr/bin:/Library/Frameworks/Mono.framework/Versions/Current/Commands
SHELL=/bin/zsh

Signal Handlers:
SIGSEGV: [libjvm.dylib+0x7415c8], sa_mask[0]=11111111011111110111111111111111, sa_flags=SA_ONSTACK|SA_RESTART|SA_SIGINFO
SIGBUS: [libjvm.dylib+0x7415c8], sa_mask[0]=11111111011111110111111111111111, sa_flags=SA_RESTART|SA_SIGINFO
SIGFPE: [libjvm.dylib+0x7415c8], sa_mask[0]=11111111011111110111111111111111, sa_flags=SA_RESTART|SA_SIGINFO
SIGPIPE: [libjvm.dylib+0x5eb4c1], sa_mask[0]=11111111011111110111111111111111, sa_flags=SA_RESTART|SA_SIGINFO
SIGXFSZ: [libjvm.dylib+0x5eb4c1], sa_mask[0]=11111111011111110111111111111111, sa_flags=SA_RESTART|SA_SIGINFO
SIGILL: [libjvm.dylib+0x7415c8], sa_mask[0]=11111111011111110111111111111111, sa_flags=SA_RESTART|SA_SIGINFO
SIGUSR2: [libjvm.dylib+0x5eba93], sa_mask[0]=00100000000000000000000000000000, sa_flags=SA_RESTART|SA_SIGINFO
SIGHUP: [libjvm.dylib+0x5eaaf5], sa_mask[0]=11111111011111110111111111111111, sa_flags=SA_RESTART|SA_SIGINFO
SIGINT: [libjvm.dylib+0x5eaaf5], sa_mask[0]=11111111011111110111111111111111, sa_flags=SA_RESTART|SA_SIGINFO
SIGTERM: [libjvm.dylib+0x5eaaf5], sa_mask[0]=11111111011111110111111111111111, sa_flags=SA_RESTART|SA_SIGINFO
SIGQUIT: [libjvm.dylib+0x5eaaf5], sa_mask[0]=11111111011111110111111111111111, sa_flags=SA_RESTART|SA_SIGINFO


---------------  S Y S T E M  ---------------

OS:uname:Darwin 19.6.0 Darwin Kernel Version 19.6.0: Mon Apr 12 20:57:45 PDT 2021; root:xnu-6153.141.28.1~1/RELEASE_X86_64 x86_64
OS uptime: 0 days 8:29 hours
rlimit: STACK 8192k, CORE 0k, NPROC 1392, NOFILE 10240, AS infinity, DATA infinity, FSIZE infinity
load average:17.56 8.98 7.26

CPU:total 4 (initial active 4) (2 cores per cpu, 2 threads per core) family 6 model 58 stepping 9, cmov, cx8, fxsr, mmx, sse, sse2, sse3, ssse3, sse4.1, sse4.2, popcnt, avx, aes, clmul, erms, ht, tsc, tscinvbit, tscinv

Memory: 4k page, physical 8388608k(154988k free), swap 1048576k(956160k free)

vm_info: OpenJDK 64-Bit Server VM (14.0.2+12-46) for bsd-amd64 JRE (14.0.2+12-46), built on Jul  8 2020 23:34:30 by "mach5one" with clang 4.2.1 Compatible Apple LLVM 10.0.0 (clang-1000.11.45.5)

END.
