#
# A fatal error has been detected by the Java Runtime Environment:
#
#  SIGSEGV (0xb) at pc=0x00007fff33ee1924, pid=28093, tid=775
#
# JRE version: OpenJDK Runtime Environment (14.0.2+12) (build 14.0.2+12-46)
# Java VM: OpenJDK 64-Bit Server VM (14.0.2+12-46, mixed mode, sharing, tiered, compressed oops, g1 gc, bsd-amd64)
# Problematic frame:
# C  [HIToolbox+0x27924]  THIThemeTextInfoFinder::GetOptions() const+0x8
#
# No core dump will be written. Core dumps have been disabled. To enable core dumping, try "ulimit -c unlimited" before starting Java again
#
# If you would like to submit a bug report, please visit:
#   https://bugreport.java.com/bugreport/crash.jsp
#

---------------  S U M M A R Y ------------

Command Line: -Dfile.encoding=UTF-8 -Duser.country=CZ -Duser.language=en -Duser.variant cz.educanet.Main

Host: MacBookPro9,2 x86_64 2500 MHz, 4 cores, 8G, Darwin 19.6.0
Time: Thu Mar 11 22:23:33 2021 CET elapsed time: 1 seconds (0d 0h 0m 1s)

---------------  T H R E A D  ---------------

Current thread is native thread

Stack: [0x00007ffeec30a000,0x00007ffeecb0a000],  sp=0x00007ffeecb065b0,  free space=8177k
Native frames: (J=compiled Java code, A=aot compiled Java code, j=interpreted, Vv=VM code, C=native code)
C  [HIToolbox+0x27924]  THIThemeTextInfoFinder::GetOptions() const+0x8
C  [HIToolbox+0x2784e]  TCoreTextEngine::VerifyLayout(THIThemeTextInfo*, float, float, LayoutIntent)+0x34
C  [HIToolbox+0x2775b]  TCoreTextEngine::GetThemeTextDimensions(double, THIThemeTextInfo*, double*, double*, double*)+0x2b
C  [HIToolbox+0x26247]  DataEngine::GetTextDimensions(void const*, double, HIThemeTextInfo*, double*, double*, double*)+0x10f
C  [HIToolbox+0x26106]  HIThemeGetTextDimensions+0xbc
C  [HIToolbox+0x25a51]  HIMenuBarView::MeasureMenuTitle(MenuData*, unsigned char, float*, int)+0x1ab
C  [HIToolbox+0x257de]  HIMenuBarView::MeasureAppMenus()+0xe6
C  [HIToolbox+0x25367]  HIMenuBarView::EnsureBarLayout()+0x1a3
C  [HIToolbox+0x24c77]  HIMenuBarView::DrawOnce(CGRect, CGRect, bool, bool, CGContext*)+0x243
C  [HIToolbox+0x2494e]  HIMenuBarView::DrawSelf(short, __HIShape const*, CGContext*)+0x23a
C  [HIToolbox+0x243b6]  HIMenuBarView::DrawWithoutCustomization(short, __HIShape const*, CGContext*)+0x52
C  [HIToolbox+0x2434e]  HIMenuBarView::DrawingDelegateHandler(OpaqueEventHandlerCallRef*, OpaqueEventRef*, void*)+0x102
C  [HIToolbox+0x88ff]  DispatchEventToHandlers(EventTargetRec*, OpaqueEventRef*, HandlerCallRec*)+0x4e6
C  [HIToolbox+0x7d8d]  SendEventToEventTargetInternal(OpaqueEventRef*, OpaqueEventTargetRef*, HandlerCallRec*)+0x149
C  [HIToolbox+0x7c3d]  SendEventToEventTargetWithOptions+0x2d
C  [HIToolbox+0x23ecd]  HIView::SendDraw(short, OpaqueGrafPtr*, __HIShape const*, CGContext*)+0x145
C  [HIToolbox+0x23967]  HIView::RecursiveDrawComposited(__HIShape const*, __HIShape const*, unsigned int, HIView*, CGContext*, unsigned char, double)+0x23f
C  [HIToolbox+0x23b61]  HIView::RecursiveDrawComposited(__HIShape const*, __HIShape const*, unsigned int, HIView*, CGContext*, unsigned char, double)+0x439
C  [HIToolbox+0x23399]  HIView::DrawComposited(short, OpaqueGrafPtr*, __HIShape const*, unsigned int, HIView*, CGContext*)+0x32f
C  [HIToolbox+0x2305b]  HIView::Render(unsigned int, CGContext*)+0x33
C  [HIToolbox+0x3af2b]  FlushWindowObject(WindowData*, void**, unsigned char)+0x2ed
C  [HIToolbox+0x3a96b]  FlushAllBuffers(__CFRunLoopObserver*, unsigned long, void*)+0x132
C  [CoreFoundation+0x83e5c]  __CFRUNLOOP_IS_CALLING_OUT_TO_AN_OBSERVER_CALLBACK_FUNCTION__+0x17
C  [CoreFoundation+0x83d8c]  __CFRunLoopDoObservers+0x1c9
C  [CoreFoundation+0x8344b]  __CFRunLoopRun+0x49b
C  [CoreFoundation+0x82953]  CFRunLoopRunSpecific+0x1d2
C  [libjli.dylib+0x65c1]  CreateExecutionEnvironment+0x18f
C  [libjli.dylib+0x2752]  JLI_Launch+0x54a
C  [java+0xc9d]  main+0x177
C  [libdyld.dylib+0x1acc9]  start+0x1


siginfo: si_signo: 11 (SIGSEGV), si_code: 1 (SEGV_MAPERR), si_addr: 0x0000000000000012

Register to memory mapping:

RAX=0x0 is NULL
RBX=
[error occurred during error reporting (printing register info), id 0xb, SIGSEGV (0xb) at pc=0x00000001040f57fa]

Registers:
RAX=0x0000000000000000, RBX=0x00007fc83be84510, RCX=0x00007ffeecb066d8, RDX=0x0000000000000000
RSP=0x00007ffeecb065b0, RBP=0x00007ffeecb065b0, RSI=0x00007fc83bd16db0, RDI=0x00007fc83bd16db0
R8 =0x00007ffeecb066e0, R9 =0x0000000000000000, R10=0x00007fc83be00000, R11=0x00007fc83be87830
R12=0x0000000000000000, R13=0x00007ffeecb066d8, R14=0x00007fc83bd16db0, R15=0x00007ffeecb066d0
RIP=0x00007fff33ee1924, EFLAGS=0x0000000000010202, ERR=0x0000000000000004
  TRAPNO=0x000000000000000e

Top of Stack: (sp=0x00007ffeecb065b0)
0x00007ffeecb065b0:   00007ffeecb065f0 00007fff33ee184e
0x00007ffeecb065c0:   7f7fffff00000000 00007fc83bd16db0
0x00007ffeecb065d0:   00007ffeecb066e0 00007ffeecb066d8
0x00007ffeecb065e0:   00007fc83be84510 00007ffeecb066d0
0x00007ffeecb065f0:   00007ffeecb06630 00007fff33ee175b
0x00007ffeecb06600:   00007fff8c7d39b0 00007fc83be84510
0x00007ffeecb06610:   00007ffeecb06648 00007fc83be7f620
0x00007ffeecb06620:   00007fc83bd16db0 0000000000000064
0x00007ffeecb06630:   00007ffeecb066c0 00007fff33ee0247
0x00007ffeecb06640:   0000000000000006 0000000000000000
0x00007ffeecb06650:   00007ffe00000001 00007fff3532b322
0x00007ffeecb06660:   0000000000000006 0000000000000000
0x00007ffeecb06670:   00007fc83bd18060 47efffffe0000000
0x00007ffeecb06680:   00007ffeecb066e0 00007ffeecb066d8
0x00007ffeecb06690:   00007ffeecb066d0 0000000000000000
0x00007ffeecb066a0:   00007fc83bc52330 0000000109df8798
0x00007ffeecb066b0:   0000000000000000 00007ffeecb06760
0x00007ffeecb066c0:   00007ffeecb06700 00007fff33ee0106
0x00007ffeecb066d0:   00007fc83bd18060 00007fc83bd80580
0x00007ffeecb066e0:   00007fc83bc52330 00007fc83be7f620
0x00007ffeecb066f0:   00007ffeecb06718 0000000000000002
0x00007ffeecb06700:   00007ffeecb06790 00007fff33edfa51
0x00007ffeecb06710:   0002000000000002 0000000100000000
0x00007ffeecb06720:   0000000000000064 0002010200000000
0x00007ffeecb06730:   0000000000010000 0000000000000000
0x00007ffeecb06740:   0000000000000000 00007fc83be6ad20
0x00007ffeecb06750:   0000000109df8798 0000000100000000
0x00007ffeecb06760:   0000000000000000 0000000000000002
0x00007ffeecb06770:   00007fc83bd80580 0000000000000000
0x00007ffeecb06780:   0000000000000000 00007fc83be6ad20
0x00007ffeecb06790:   00007ffeecb067d0 00007fff33edf7de
0x00007ffeecb067a0:   0000000000000003 42b6000042380000 

Instructions: (pc=0x00007fff33ee1924)
0x00007fff33ee1824:   41 54 53 50 41 89 d4 f3 0f 11 4d d0 49 89 f6 48
0x00007fff33ee1834:   89 fb 0f 57 c9 0f 2e c1 75 02 7b 28 f3 0f 11 45
0x00007fff33ee1844:   d4 49 8b 06 4c 89 f7 ff 50 48 0f ba e0 13 73 0f
0x00007fff33ee1854:   f3 0f 10 45 d4 f3 0f 58 05 73 1a 28 00 eb 05 f3
0x00007fff33ee1864:   0f 10 45 d4 f3 0f 11 45 d4 0f b6 53 30 48 89 df
0x00007fff33ee1874:   4c 89 f6 e8 b0 00 00 00 41 89 c7 4c 8d 6b 50 4c
0x00007fff33ee1884:   89 ef e8 69 f1 ff ff 84 c0 74 20 48 89 df 44 89
0x00007fff33ee1894:   fe 4c 89 f2 f3 0f 10 45 d4 f3 0f 10 4d d0 44 89
0x00007fff33ee18a4:   e1 e8 6e 42 00 00 83 f8 01 75 5b 4c 89 ef e8 3d
0x00007fff33ee18b4:   f1 ff ff 84 c0 74 13 48 8d 7b 38 e8 62 44 05 00
0x00007fff33ee18c4:   4c 89 ef 31 f6 e8 7e 04 00 00 0f 57 c9 f3 0f 10
0x00007fff33ee18d4:   45 d4 0f 2e c1 75 0e 7a 0c 8a 43 30 84 c0 74 05
0x00007fff33ee18e4:   e8 1b 52 27 00 48 89 df 4c 89 f6 f3 0f 10 4d d0
0x00007fff33ee18f4:   44 89 fa 48 83 c4 08 5b 41 5c 41 5d 41 5e 41 5f
0x00007fff33ee1904:   5d e9 a8 00 00 00 31 c0 48 83 c4 08 5b 41 5c 41
0x00007fff33ee1914:   5d 41 5e 41 5f 5d c3 90 55 48 89 e5 48 8b 47 08
0x00007fff33ee1924:   8b 40 12 5d c3 90 90 90 55 48 89 e5 41 56 53 41
0x00007fff33ee1934:   89 d6 0f 57 c9 0f 2e c1 75 02 7b 3a 48 89 f3 48
0x00007fff33ee1944:   8b 06 48 89 f7 ff 50 48 a8 01 75 2a 48 8b 03 48
0x00007fff33ee1954:   89 df ff 50 50 85 c0 74 28 48 8b 03 48 89 df ff
0x00007fff33ee1964:   50 58 31 c9 83 f8 01 0f 95 c1 85 c0 b8 02 00 00
0x00007fff33ee1974:   00 0f 45 c1 eb 06 41 0f b6 c6 01 c0 5b 41 5e 5d
0x00007fff33ee1984:   c3 b8 02 00 00 00 eb f4 55 48 89 e5 48 8b 47 08
0x00007fff33ee1994:   8b 40 16 5d c3 90 55 48 89 e5 48 8b 47 08 8b 40
0x00007fff33ee19a4:   1a 5d c3 90 90 90 90 90 90 90 90 90 90 90 55 48
0x00007fff33ee19b4:   89 e5 41 57 41 56 41 54 53 48 83 ec 10 49 89 f6
0x00007fff33ee19c4:   49 89 fc 83 fa 02 f3 0f 11 45 dc 74 1e 83 fa 01
0x00007fff33ee19d4:   74 26 45 31 ff 85 d2 75 2d 4c 89 e7 4c 89 f6 f3
0x00007fff33ee19e4:   0f 10 45 dc e8 57 00 00 00 eb 18 4c 89 e7 4c 89
0x00007fff33ee19f4:   f6 e8 78 4f 0a 00 eb 0b 4c 89 e7 4c 89 f6 e8 db
0x00007fff33ee1a04:   4c 0a 00 41 89 c7 49 8d 5c 24 50 48 89 df be 01
0x00007fff33ee1a14:   00 00 00 e8 0a 03 00 00 48 89 df 4c 89 f6 e8 25 


Stack slot to memory mapping:
stack at sp + 0 slots: 
[error occurred during error reporting (inspecting top of stack), id 0xb, SIGSEGV (0xb) at pc=0x00000001040f57fa]


---------------  P R O C E S S  ---------------

VM state:not at safepoint (normal execution)

VM Mutex/Monitor currently owned by a thread: None

Heap address: 0x0000000780000000, size: 2048 MB, Compressed Oops mode: Zero based, Oop shift amount: 3
Narrow klass base: 0x0000000800000000, Narrow klass shift: 3
Compressed class space size: 1073741824 Address: 0x0000000800b03000

Heap:
 garbage-first heap   total 133120K, used 5936K [0x0000000780000000, 0x0000000800000000)
  region size 1024K, 6 young (6144K), 0 survivors (0K)
 Metaspace       used 2140K, capacity 5470K, committed 5632K, reserved 1056768K
  class space    used 166K, capacity 465K, committed 512K, reserved 1048576K
Heap Regions: E=young(eden), S=young(survivor), O=old, HS=humongous(starts), HC=humongous(continues), CS=collection set, F=free, OA=open archive, CA=closed archive, TAMS=top-at-mark-start (previous, next)
|   0|0x0000000780000000, 0x0000000780000000, 0x0000000780100000|  0%| F|  |TAMS 0x0000000780000000, 0x0000000780000000| Untracked 
|   1|0x0000000780100000, 0x0000000780100000, 0x0000000780200000|  0%| F|  |TAMS 0x0000000780100000, 0x0000000780100000| Untracked 
|   2|0x0000000780200000, 0x0000000780200000, 0x0000000780300000|  0%| F|  |TAMS 0x0000000780200000, 0x0000000780200000| Untracked 
|   3|0x0000000780300000, 0x0000000780300000, 0x0000000780400000|  0%| F|  |TAMS 0x0000000780300000, 0x0000000780300000| Untracked 
|   4|0x0000000780400000, 0x0000000780400000, 0x0000000780500000|  0%| F|  |TAMS 0x0000000780400000, 0x0000000780400000| Untracked 
|   5|0x0000000780500000, 0x0000000780500000, 0x0000000780600000|  0%| F|  |TAMS 0x0000000780500000, 0x0000000780500000| Untracked 
|   6|0x0000000780600000, 0x0000000780600000, 0x0000000780700000|  0%| F|  |TAMS 0x0000000780600000, 0x0000000780600000| Untracked 
|   7|0x0000000780700000, 0x0000000780700000, 0x0000000780800000|  0%| F|  |TAMS 0x0000000780700000, 0x0000000780700000| Untracked 
|   8|0x0000000780800000, 0x0000000780800000, 0x0000000780900000|  0%| F|  |TAMS 0x0000000780800000, 0x0000000780800000| Untracked 
|   9|0x0000000780900000, 0x0000000780900000, 0x0000000780a00000|  0%| F|  |TAMS 0x0000000780900000, 0x0000000780900000| Untracked 
|  10|0x0000000780a00000, 0x0000000780a00000, 0x0000000780b00000|  0%| F|  |TAMS 0x0000000780a00000, 0x0000000780a00000| Untracked 
|  11|0x0000000780b00000, 0x0000000780b00000, 0x0000000780c00000|  0%| F|  |TAMS 0x0000000780b00000, 0x0000000780b00000| Untracked 
|  12|0x0000000780c00000, 0x0000000780c00000, 0x0000000780d00000|  0%| F|  |TAMS 0x0000000780c00000, 0x0000000780c00000| Untracked 
|  13|0x0000000780d00000, 0x0000000780d00000, 0x0000000780e00000|  0%| F|  |TAMS 0x0000000780d00000, 0x0000000780d00000| Untracked 
|  14|0x0000000780e00000, 0x0000000780e00000, 0x0000000780f00000|  0%| F|  |TAMS 0x0000000780e00000, 0x0000000780e00000| Untracked 
|  15|0x0000000780f00000, 0x0000000780f00000, 0x0000000781000000|  0%| F|  |TAMS 0x0000000780f00000, 0x0000000780f00000| Untracked 
|  16|0x0000000781000000, 0x0000000781000000, 0x0000000781100000|  0%| F|  |TAMS 0x0000000781000000, 0x0000000781000000| Untracked 
|  17|0x0000000781100000, 0x0000000781100000, 0x0000000781200000|  0%| F|  |TAMS 0x0000000781100000, 0x0000000781100000| Untracked 
|  18|0x0000000781200000, 0x0000000781200000, 0x0000000781300000|  0%| F|  |TAMS 0x0000000781200000, 0x0000000781200000| Untracked 
|  19|0x0000000781300000, 0x0000000781300000, 0x0000000781400000|  0%| F|  |TAMS 0x0000000781300000, 0x0000000781300000| Untracked 
|  20|0x0000000781400000, 0x0000000781400000, 0x0000000781500000|  0%| F|  |TAMS 0x0000000781400000, 0x0000000781400000| Untracked 
|  21|0x0000000781500000, 0x0000000781500000, 0x0000000781600000|  0%| F|  |TAMS 0x0000000781500000, 0x0000000781500000| Untracked 
|  22|0x0000000781600000, 0x0000000781600000, 0x0000000781700000|  0%| F|  |TAMS 0x0000000781600000, 0x0000000781600000| Untracked 
|  23|0x0000000781700000, 0x0000000781700000, 0x0000000781800000|  0%| F|  |TAMS 0x0000000781700000, 0x0000000781700000| Untracked 
|  24|0x0000000781800000, 0x0000000781800000, 0x0000000781900000|  0%| F|  |TAMS 0x0000000781800000, 0x0000000781800000| Untracked 
|  25|0x0000000781900000, 0x0000000781900000, 0x0000000781a00000|  0%| F|  |TAMS 0x0000000781900000, 0x0000000781900000| Untracked 
|  26|0x0000000781a00000, 0x0000000781a00000, 0x0000000781b00000|  0%| F|  |TAMS 0x0000000781a00000, 0x0000000781a00000| Untracked 
|  27|0x0000000781b00000, 0x0000000781b00000, 0x0000000781c00000|  0%| F|  |TAMS 0x0000000781b00000, 0x0000000781b00000| Untracked 
|  28|0x0000000781c00000, 0x0000000781c00000, 0x0000000781d00000|  0%| F|  |TAMS 0x0000000781c00000, 0x0000000781c00000| Untracked 
|  29|0x0000000781d00000, 0x0000000781d00000, 0x0000000781e00000|  0%| F|  |TAMS 0x0000000781d00000, 0x0000000781d00000| Untracked 
|  30|0x0000000781e00000, 0x0000000781e00000, 0x0000000781f00000|  0%| F|  |TAMS 0x0000000781e00000, 0x0000000781e00000| Untracked 
|  31|0x0000000781f00000, 0x0000000781f00000, 0x0000000782000000|  0%| F|  |TAMS 0x0000000781f00000, 0x0000000781f00000| Untracked 
|  32|0x0000000782000000, 0x0000000782000000, 0x0000000782100000|  0%| F|  |TAMS 0x0000000782000000, 0x0000000782000000| Untracked 
|  33|0x0000000782100000, 0x0000000782100000, 0x0000000782200000|  0%| F|  |TAMS 0x0000000782100000, 0x0000000782100000| Untracked 
|  34|0x0000000782200000, 0x0000000782200000, 0x0000000782300000|  0%| F|  |TAMS 0x0000000782200000, 0x0000000782200000| Untracked 
|  35|0x0000000782300000, 0x0000000782300000, 0x0000000782400000|  0%| F|  |TAMS 0x0000000782300000, 0x0000000782300000| Untracked 
|  36|0x0000000782400000, 0x0000000782400000, 0x0000000782500000|  0%| F|  |TAMS 0x0000000782400000, 0x0000000782400000| Untracked 
|  37|0x0000000782500000, 0x0000000782500000, 0x0000000782600000|  0%| F|  |TAMS 0x0000000782500000, 0x0000000782500000| Untracked 
|  38|0x0000000782600000, 0x0000000782600000, 0x0000000782700000|  0%| F|  |TAMS 0x0000000782600000, 0x0000000782600000| Untracked 
|  39|0x0000000782700000, 0x0000000782700000, 0x0000000782800000|  0%| F|  |TAMS 0x0000000782700000, 0x0000000782700000| Untracked 
|  40|0x0000000782800000, 0x0000000782800000, 0x0000000782900000|  0%| F|  |TAMS 0x0000000782800000, 0x0000000782800000| Untracked 
|  41|0x0000000782900000, 0x0000000782900000, 0x0000000782a00000|  0%| F|  |TAMS 0x0000000782900000, 0x0000000782900000| Untracked 
|  42|0x0000000782a00000, 0x0000000782a00000, 0x0000000782b00000|  0%| F|  |TAMS 0x0000000782a00000, 0x0000000782a00000| Untracked 
|  43|0x0000000782b00000, 0x0000000782b00000, 0x0000000782c00000|  0%| F|  |TAMS 0x0000000782b00000, 0x0000000782b00000| Untracked 
|  44|0x0000000782c00000, 0x0000000782c00000, 0x0000000782d00000|  0%| F|  |TAMS 0x0000000782c00000, 0x0000000782c00000| Untracked 
|  45|0x0000000782d00000, 0x0000000782d00000, 0x0000000782e00000|  0%| F|  |TAMS 0x0000000782d00000, 0x0000000782d00000| Untracked 
|  46|0x0000000782e00000, 0x0000000782e00000, 0x0000000782f00000|  0%| F|  |TAMS 0x0000000782e00000, 0x0000000782e00000| Untracked 
|  47|0x0000000782f00000, 0x0000000782f00000, 0x0000000783000000|  0%| F|  |TAMS 0x0000000782f00000, 0x0000000782f00000| Untracked 
|  48|0x0000000783000000, 0x0000000783000000, 0x0000000783100000|  0%| F|  |TAMS 0x0000000783000000, 0x0000000783000000| Untracked 
|  49|0x0000000783100000, 0x0000000783100000, 0x0000000783200000|  0%| F|  |TAMS 0x0000000783100000, 0x0000000783100000| Untracked 
|  50|0x0000000783200000, 0x0000000783200000, 0x0000000783300000|  0%| F|  |TAMS 0x0000000783200000, 0x0000000783200000| Untracked 
|  51|0x0000000783300000, 0x0000000783300000, 0x0000000783400000|  0%| F|  |TAMS 0x0000000783300000, 0x0000000783300000| Untracked 
|  52|0x0000000783400000, 0x0000000783400000, 0x0000000783500000|  0%| F|  |TAMS 0x0000000783400000, 0x0000000783400000| Untracked 
|  53|0x0000000783500000, 0x0000000783500000, 0x0000000783600000|  0%| F|  |TAMS 0x0000000783500000, 0x0000000783500000| Untracked 
|  54|0x0000000783600000, 0x0000000783600000, 0x0000000783700000|  0%| F|  |TAMS 0x0000000783600000, 0x0000000783600000| Untracked 
|  55|0x0000000783700000, 0x0000000783700000, 0x0000000783800000|  0%| F|  |TAMS 0x0000000783700000, 0x0000000783700000| Untracked 
|  56|0x0000000783800000, 0x0000000783800000, 0x0000000783900000|  0%| F|  |TAMS 0x0000000783800000, 0x0000000783800000| Untracked 
|  57|0x0000000783900000, 0x0000000783900000, 0x0000000783a00000|  0%| F|  |TAMS 0x0000000783900000, 0x0000000783900000| Untracked 
|  58|0x0000000783a00000, 0x0000000783a00000, 0x0000000783b00000|  0%| F|  |TAMS 0x0000000783a00000, 0x0000000783a00000| Untracked 
|  59|0x0000000783b00000, 0x0000000783b00000, 0x0000000783c00000|  0%| F|  |TAMS 0x0000000783b00000, 0x0000000783b00000| Untracked 
|  60|0x0000000783c00000, 0x0000000783c00000, 0x0000000783d00000|  0%| F|  |TAMS 0x0000000783c00000, 0x0000000783c00000| Untracked 
|  61|0x0000000783d00000, 0x0000000783d00000, 0x0000000783e00000|  0%| F|  |TAMS 0x0000000783d00000, 0x0000000783d00000| Untracked 
|  62|0x0000000783e00000, 0x0000000783e00000, 0x0000000783f00000|  0%| F|  |TAMS 0x0000000783e00000, 0x0000000783e00000| Untracked 
|  63|0x0000000783f00000, 0x0000000783f00000, 0x0000000784000000|  0%| F|  |TAMS 0x0000000783f00000, 0x0000000783f00000| Untracked 
|  64|0x0000000784000000, 0x0000000784000000, 0x0000000784100000|  0%| F|  |TAMS 0x0000000784000000, 0x0000000784000000| Untracked 
|  65|0x0000000784100000, 0x0000000784100000, 0x0000000784200000|  0%| F|  |TAMS 0x0000000784100000, 0x0000000784100000| Untracked 
|  66|0x0000000784200000, 0x0000000784200000, 0x0000000784300000|  0%| F|  |TAMS 0x0000000784200000, 0x0000000784200000| Untracked 
|  67|0x0000000784300000, 0x0000000784300000, 0x0000000784400000|  0%| F|  |TAMS 0x0000000784300000, 0x0000000784300000| Untracked 
|  68|0x0000000784400000, 0x0000000784400000, 0x0000000784500000|  0%| F|  |TAMS 0x0000000784400000, 0x0000000784400000| Untracked 
|  69|0x0000000784500000, 0x0000000784500000, 0x0000000784600000|  0%| F|  |TAMS 0x0000000784500000, 0x0000000784500000| Untracked 
|  70|0x0000000784600000, 0x0000000784600000, 0x0000000784700000|  0%| F|  |TAMS 0x0000000784600000, 0x0000000784600000| Untracked 
|  71|0x0000000784700000, 0x0000000784700000, 0x0000000784800000|  0%| F|  |TAMS 0x0000000784700000, 0x0000000784700000| Untracked 
|  72|0x0000000784800000, 0x0000000784800000, 0x0000000784900000|  0%| F|  |TAMS 0x0000000784800000, 0x0000000784800000| Untracked 
|  73|0x0000000784900000, 0x0000000784900000, 0x0000000784a00000|  0%| F|  |TAMS 0x0000000784900000, 0x0000000784900000| Untracked 
|  74|0x0000000784a00000, 0x0000000784a00000, 0x0000000784b00000|  0%| F|  |TAMS 0x0000000784a00000, 0x0000000784a00000| Untracked 
|  75|0x0000000784b00000, 0x0000000784b00000, 0x0000000784c00000|  0%| F|  |TAMS 0x0000000784b00000, 0x0000000784b00000| Untracked 
|  76|0x0000000784c00000, 0x0000000784c00000, 0x0000000784d00000|  0%| F|  |TAMS 0x0000000784c00000, 0x0000000784c00000| Untracked 
|  77|0x0000000784d00000, 0x0000000784d00000, 0x0000000784e00000|  0%| F|  |TAMS 0x0000000784d00000, 0x0000000784d00000| Untracked 
|  78|0x0000000784e00000, 0x0000000784e00000, 0x0000000784f00000|  0%| F|  |TAMS 0x0000000784e00000, 0x0000000784e00000| Untracked 
|  79|0x0000000784f00000, 0x0000000784f00000, 0x0000000785000000|  0%| F|  |TAMS 0x0000000784f00000, 0x0000000784f00000| Untracked 
|  80|0x0000000785000000, 0x0000000785000000, 0x0000000785100000|  0%| F|  |TAMS 0x0000000785000000, 0x0000000785000000| Untracked 
|  81|0x0000000785100000, 0x0000000785100000, 0x0000000785200000|  0%| F|  |TAMS 0x0000000785100000, 0x0000000785100000| Untracked 
|  82|0x0000000785200000, 0x0000000785200000, 0x0000000785300000|  0%| F|  |TAMS 0x0000000785200000, 0x0000000785200000| Untracked 
|  83|0x0000000785300000, 0x0000000785300000, 0x0000000785400000|  0%| F|  |TAMS 0x0000000785300000, 0x0000000785300000| Untracked 
|  84|0x0000000785400000, 0x0000000785400000, 0x0000000785500000|  0%| F|  |TAMS 0x0000000785400000, 0x0000000785400000| Untracked 
|  85|0x0000000785500000, 0x0000000785500000, 0x0000000785600000|  0%| F|  |TAMS 0x0000000785500000, 0x0000000785500000| Untracked 
|  86|0x0000000785600000, 0x0000000785600000, 0x0000000785700000|  0%| F|  |TAMS 0x0000000785600000, 0x0000000785600000| Untracked 
|  87|0x0000000785700000, 0x0000000785700000, 0x0000000785800000|  0%| F|  |TAMS 0x0000000785700000, 0x0000000785700000| Untracked 
|  88|0x0000000785800000, 0x0000000785800000, 0x0000000785900000|  0%| F|  |TAMS 0x0000000785800000, 0x0000000785800000| Untracked 
|  89|0x0000000785900000, 0x0000000785900000, 0x0000000785a00000|  0%| F|  |TAMS 0x0000000785900000, 0x0000000785900000| Untracked 
|  90|0x0000000785a00000, 0x0000000785a00000, 0x0000000785b00000|  0%| F|  |TAMS 0x0000000785a00000, 0x0000000785a00000| Untracked 
|  91|0x0000000785b00000, 0x0000000785b00000, 0x0000000785c00000|  0%| F|  |TAMS 0x0000000785b00000, 0x0000000785b00000| Untracked 
|  92|0x0000000785c00000, 0x0000000785c00000, 0x0000000785d00000|  0%| F|  |TAMS 0x0000000785c00000, 0x0000000785c00000| Untracked 
|  93|0x0000000785d00000, 0x0000000785d00000, 0x0000000785e00000|  0%| F|  |TAMS 0x0000000785d00000, 0x0000000785d00000| Untracked 
|  94|0x0000000785e00000, 0x0000000785e00000, 0x0000000785f00000|  0%| F|  |TAMS 0x0000000785e00000, 0x0000000785e00000| Untracked 
|  95|0x0000000785f00000, 0x0000000785f00000, 0x0000000786000000|  0%| F|  |TAMS 0x0000000785f00000, 0x0000000785f00000| Untracked 
|  96|0x0000000786000000, 0x0000000786000000, 0x0000000786100000|  0%| F|  |TAMS 0x0000000786000000, 0x0000000786000000| Untracked 
|  97|0x0000000786100000, 0x0000000786100000, 0x0000000786200000|  0%| F|  |TAMS 0x0000000786100000, 0x0000000786100000| Untracked 
|  98|0x0000000786200000, 0x0000000786200000, 0x0000000786300000|  0%| F|  |TAMS 0x0000000786200000, 0x0000000786200000| Untracked 
|  99|0x0000000786300000, 0x0000000786300000, 0x0000000786400000|  0%| F|  |TAMS 0x0000000786300000, 0x0000000786300000| Untracked 
| 100|0x0000000786400000, 0x0000000786400000, 0x0000000786500000|  0%| F|  |TAMS 0x0000000786400000, 0x0000000786400000| Untracked 
| 101|0x0000000786500000, 0x0000000786500000, 0x0000000786600000|  0%| F|  |TAMS 0x0000000786500000, 0x0000000786500000| Untracked 
| 102|0x0000000786600000, 0x0000000786600000, 0x0000000786700000|  0%| F|  |TAMS 0x0000000786600000, 0x0000000786600000| Untracked 
| 103|0x0000000786700000, 0x0000000786700000, 0x0000000786800000|  0%| F|  |TAMS 0x0000000786700000, 0x0000000786700000| Untracked 
| 104|0x0000000786800000, 0x0000000786800000, 0x0000000786900000|  0%| F|  |TAMS 0x0000000786800000, 0x0000000786800000| Untracked 
| 105|0x0000000786900000, 0x0000000786900000, 0x0000000786a00000|  0%| F|  |TAMS 0x0000000786900000, 0x0000000786900000| Untracked 
| 106|0x0000000786a00000, 0x0000000786a00000, 0x0000000786b00000|  0%| F|  |TAMS 0x0000000786a00000, 0x0000000786a00000| Untracked 
| 107|0x0000000786b00000, 0x0000000786b00000, 0x0000000786c00000|  0%| F|  |TAMS 0x0000000786b00000, 0x0000000786b00000| Untracked 
| 108|0x0000000786c00000, 0x0000000786c00000, 0x0000000786d00000|  0%| F|  |TAMS 0x0000000786c00000, 0x0000000786c00000| Untracked 
| 109|0x0000000786d00000, 0x0000000786d00000, 0x0000000786e00000|  0%| F|  |TAMS 0x0000000786d00000, 0x0000000786d00000| Untracked 
| 110|0x0000000786e00000, 0x0000000786e00000, 0x0000000786f00000|  0%| F|  |TAMS 0x0000000786e00000, 0x0000000786e00000| Untracked 
| 111|0x0000000786f00000, 0x0000000786f00000, 0x0000000787000000|  0%| F|  |TAMS 0x0000000786f00000, 0x0000000786f00000| Untracked 
| 112|0x0000000787000000, 0x0000000787000000, 0x0000000787100000|  0%| F|  |TAMS 0x0000000787000000, 0x0000000787000000| Untracked 
| 113|0x0000000787100000, 0x0000000787100000, 0x0000000787200000|  0%| F|  |TAMS 0x0000000787100000, 0x0000000787100000| Untracked 
| 114|0x0000000787200000, 0x0000000787200000, 0x0000000787300000|  0%| F|  |TAMS 0x0000000787200000, 0x0000000787200000| Untracked 
| 115|0x0000000787300000, 0x0000000787300000, 0x0000000787400000|  0%| F|  |TAMS 0x0000000787300000, 0x0000000787300000| Untracked 
| 116|0x0000000787400000, 0x0000000787400000, 0x0000000787500000|  0%| F|  |TAMS 0x0000000787400000, 0x0000000787400000| Untracked 
| 117|0x0000000787500000, 0x0000000787500000, 0x0000000787600000|  0%| F|  |TAMS 0x0000000787500000, 0x0000000787500000| Untracked 
| 118|0x0000000787600000, 0x0000000787600000, 0x0000000787700000|  0%| F|  |TAMS 0x0000000787600000, 0x0000000787600000| Untracked 
| 119|0x0000000787700000, 0x0000000787700000, 0x0000000787800000|  0%| F|  |TAMS 0x0000000787700000, 0x0000000787700000| Untracked 
| 120|0x0000000787800000, 0x0000000787800000, 0x0000000787900000|  0%| F|  |TAMS 0x0000000787800000, 0x0000000787800000| Untracked 
| 121|0x0000000787900000, 0x0000000787900000, 0x0000000787a00000|  0%| F|  |TAMS 0x0000000787900000, 0x0000000787900000| Untracked 
| 122|0x0000000787a00000, 0x0000000787a60068, 0x0000000787b00000| 37%| E|  |TAMS 0x0000000787a00000, 0x0000000787a00000| Complete 
| 123|0x0000000787b00000, 0x0000000787c00000, 0x0000000787c00000|100%| E|CS|TAMS 0x0000000787b00000, 0x0000000787b00000| Complete 
| 124|0x0000000787c00000, 0x0000000787d00000, 0x0000000787d00000|100%| E|CS|TAMS 0x0000000787c00000, 0x0000000787c00000| Complete 
| 125|0x0000000787d00000, 0x0000000787e00000, 0x0000000787e00000|100%| E|CS|TAMS 0x0000000787d00000, 0x0000000787d00000| Complete 
| 126|0x0000000787e00000, 0x0000000787f00000, 0x0000000787f00000|100%| E|CS|TAMS 0x0000000787e00000, 0x0000000787e00000| Complete 
| 127|0x0000000787f00000, 0x0000000788000000, 0x0000000788000000|100%| E|CS|TAMS 0x0000000787f00000, 0x0000000787f00000| Complete 
|1022|0x00000007bfe00000, 0x00000007bfe51000, 0x00000007bff00000| 31%|OA|  |TAMS 0x00000007bfe00000, 0x00000007bfe00000| Untracked 
|1023|0x00000007bff00000, 0x00000007bff7b000, 0x00000007c0000000| 48%|CA|  |TAMS 0x00000007bff00000, 0x00000007bff00000| Untracked 

Card table byte_map: [0x0000000104d60000,0x0000000105160000] _byte_map_base: 0x0000000101160000

Marking Bits (Prev, Next): (CMBitMap*) 0x00007fc83d009c18, (CMBitMap*) 0x00007fc83d009c58
 Prev Bits: [0x0000000105560000, 0x0000000107560000)
 Next Bits: [0x0000000107560000, 0x0000000109560000)

Polling page: 0x000000010312f000

Metaspace:

Usage:
  Non-class:      4.89 MB capacity,     1.93 MB ( 39%) used,     2.95 MB ( 60%) free+waste,     4.94 KB ( <1%) overhead. 
      Class:    465.00 KB capacity,   166.07 KB ( 36%) used,   296.05 KB ( 64%) free+waste,     2.88 KB ( <1%) overhead. 
       Both:      5.34 MB capacity,     2.09 MB ( 39%) used,     3.24 MB ( 61%) free+waste,     7.81 KB ( <1%) overhead. 

Virtual space:
  Non-class space:        8.00 MB reserved,       5.00 MB ( 62%) committed 
      Class space:        1.00 GB reserved,     512.00 KB ( <1%) committed 
             Both:        1.01 GB reserved,       5.50 MB ( <1%) committed 

Chunk freelists:
   Non-Class:  51.00 KB
       Class:  0 bytes
        Both:  51.00 KB

MaxMetaspaceSize: unlimited
CompressedClassSpaceSize: 1.00 GB

CodeHeap 'non-profiled nmethods': size=120032Kb used=128Kb max_used=128Kb free=119903Kb
 bounds [0x000000011a1b6000, 0x000000011a426000, 0x00000001216ee000]
CodeHeap 'profiled nmethods': size=120028Kb used=542Kb max_used=542Kb free=119485Kb
 bounds [0x0000000112c7f000, 0x0000000112eef000, 0x000000011a1b6000]
CodeHeap 'non-nmethods': size=5700Kb used=1485Kb max_used=1501Kb free=4214Kb
 bounds [0x00000001126ee000, 0x000000011295e000, 0x0000000112c7f000]
 total_blobs=1237 nmethods=391 adapters=760
 compilation: enabled
              stopped_count=0, restarted_count=0
 full_count=0

Compilation events (20 events):
Event: 1.401 Thread 0x00007fc83d05e800 nmethod 381 0x0000000112d01e10 code [0x0000000112d02040, 0x0000000112d029e0]
Event: 1.401 Thread 0x00007fc83d05e800  382       3       java.lang.String::<init> (74 bytes)
Event: 1.401 Thread 0x00007fc83d05e800 nmethod 382 0x0000000112d02d90 code [0x0000000112d02f80, 0x0000000112d03630]
Event: 1.401 Thread 0x00007fc83d05e800  384       3       jdk.internal.jimage.ImageStringsReader::charsFromByteBufferLength (47 bytes)
Event: 1.402 Thread 0x00007fc83d05e800 nmethod 384 0x0000000112d03890 code [0x0000000112d03a60, 0x0000000112d03ef0]
Event: 1.402 Thread 0x00007fc83d05e800  385       3       jdk.internal.jimage.ImageStringsReader::charsFromByteBuffer (186 bytes)
Event: 1.404 Thread 0x00007fc83d05e800 nmethod 385 0x0000000112d04090 code [0x0000000112d04400, 0x0000000112d05a40]
Event: 1.404 Thread 0x00007fc83d05e800  383       3       java.lang.String::<init> (10 bytes)
Event: 1.404 Thread 0x00007fc83d05e800 nmethod 383 0x0000000112d06210 code [0x0000000112d063a0, 0x0000000112d06500]
Event: 1.404 Thread 0x00007fc83d05e800  386       1       java.util.Formatter$Flags::valueOf (5 bytes)
Event: 1.404 Thread 0x00007fc83d05e800 nmethod 386 0x000000011a1d3b10 code [0x000000011a1d3ca0, 0x000000011a1d3d70]
Event: 1.404 Thread 0x00007fc83d05e800  388       1       java.security.CodeSource::getLocationNoFragString (5 bytes)
Event: 1.405 Thread 0x00007fc83d05e800 nmethod 388 0x000000011a1d3e10 code [0x000000011a1d3fa0, 0x000000011a1d4070]
Event: 1.438 Thread 0x00007fc83d05e800  389       3       java.nio.Buffer::remaining (10 bytes)
Event: 1.438 Thread 0x00007fc83d05e800 nmethod 389 0x0000000112d06610 code [0x0000000112d067a0, 0x0000000112d068b0]
Event: 1.438 Thread 0x00007fc83d05e800  390       1       org.lwjgl.system.Pointer$Default::address (5 bytes)
Event: 1.438 Thread 0x00007fc83d05e800 nmethod 390 0x000000011a1d4110 code [0x000000011a1d42a0, 0x000000011a1d4370]
Event: 1.440 Thread 0x00007fc83d04b800 nmethod 380 0x000000011a1d4410 code [0x000000011a1d46e0, 0x000000011a1d52e8]
Event: 1.440 Thread 0x00007fc83d04b800  387       4       java.util.Arrays::copyOfRange (64 bytes)
Event: 1.443 Thread 0x00007fc83d04b800 nmethod 387 0x000000011a1d5910 code [0x000000011a1d5ac0, 0x000000011a1d5d38]

GC Heap History (0 events):
No events

Deoptimization events (8 events):
Event: 0.311 Thread 0x00007fc83c013000 DEOPT PACKING pc=0x0000000112ca7290 sp=0x0000700001cde660
Event: 0.311 Thread 0x00007fc83c013000 DEOPT UNPACKING pc=0x000000011273733a sp=0x0000700001cddad8 mode 0
Event: 0.349 Thread 0x00007fc83c013000 DEOPT PACKING pc=0x0000000112ca9d22 sp=0x0000700001cde030
Event: 0.349 Thread 0x00007fc83c013000 DEOPT UNPACKING pc=0x000000011273733a sp=0x0000700001cdd4b8 mode 0
Event: 0.554 Thread 0x00007fc83c013000 Uncommon trap: trap_request=0xffffff45 fr.pc=0x000000011a1c07e8 relative=0x0000000000000068
Event: 0.554 Thread 0x00007fc83c013000 Uncommon trap: reason=unstable_if action=reinterpret pc=0x000000011a1c07e8 method=java.lang.String.isLatin1()Z @ 10 c2
Event: 0.554 Thread 0x00007fc83c013000 DEOPT PACKING pc=0x000000011a1c07e8 sp=0x0000700001cde790
Event: 0.554 Thread 0x00007fc83c013000 DEOPT UNPACKING pc=0x0000000112736e25 sp=0x0000700001cde740 mode 2

Classes unloaded (0 events):
No events

Classes redefined (0 events):
No events

Internal exceptions (11 events):
Event: 0.363 Thread 0x00007fc83c013000 Exception <a 'java/lang/NoSuchMethodError'{0x0000000787d75588}: 'void java.lang.invoke.DelegatingMethodHandle$Holder.delegate(java.lang.Object, java.lang.Object, int, java.lang.Object)'> (0x0000000787d75588) 
thrown [./open/src/hotspot/share/interpreter/linkResolver.cpp, line 766]
Event: 0.365 Thread 0x00007fc83c013000 Exception <a 'java/lang/NoSuchMethodError'{0x0000000787d7bf90}: 'java.lang.Object java.lang.invoke.DirectMethodHandle$Holder.invokeStaticInit(java.lang.Object, java.lang.Object, java.lang.Object)'> (0x0000000787d7bf90) 
thrown [./open/src/hotspot/share/interpreter/linkResolver.cpp, line 766]
Event: 0.429 Thread 0x00007fc83c013000 Exception <a 'sun/nio/fs/UnixException'{0x0000000787c2c448}> (0x0000000787c2c448) 
thrown [./open/src/hotspot/share/prims/jni.cpp, line 599]
Event: 0.430 Thread 0x00007fc83c013000 Exception <a 'sun/nio/fs/UnixException'{0x0000000787c2cbb8}> (0x0000000787c2cbb8) 
thrown [./open/src/hotspot/share/prims/jni.cpp, line 599]
Event: 0.562 Thread 0x00007fc83c013000 Exception <a 'sun/nio/fs/UnixException'{0x0000000787c7b4f8}> (0x0000000787c7b4f8) 
thrown [./open/src/hotspot/share/prims/jni.cpp, line 599]
Event: 0.564 Thread 0x00007fc83c013000 Exception <a 'sun/nio/fs/UnixException'{0x0000000787c82528}> (0x0000000787c82528) 
thrown [./open/src/hotspot/share/prims/jni.cpp, line 599]
Event: 0.583 Thread 0x00007fc83c013000 Exception <a 'sun/nio/fs/UnixException'{0x0000000787c88358}> (0x0000000787c88358) 
thrown [./open/src/hotspot/share/prims/jni.cpp, line 599]
Event: 0.963 Thread 0x00007fc83c013000 Exception <a 'sun/nio/fs/UnixException'{0x0000000787c9da10}> (0x0000000787c9da10) 
thrown [./open/src/hotspot/share/prims/jni.cpp, line 599]
Event: 0.965 Thread 0x00007fc83c013000 Exception <a 'sun/nio/fs/UnixException'{0x0000000787ca4680}> (0x0000000787ca4680) 
thrown [./open/src/hotspot/share/prims/jni.cpp, line 599]
Event: 0.972 Thread 0x00007fc83c013000 Exception <a 'sun/nio/fs/UnixException'{0x0000000787ca7528}> (0x0000000787ca7528) 
thrown [./open/src/hotspot/share/prims/jni.cpp, line 599]
Event: 1.401 Thread 0x00007fc83c013000 Exception <a 'sun/nio/fs/UnixException'{0x0000000787a26528}> (0x0000000787a26528) 
thrown [./open/src/hotspot/share/prims/jni.cpp, line 599]

Events (20 events):
Event: 0.988 loading class java/nio/DirectDoubleBufferU
Event: 0.988 loading class java/nio/DirectDoubleBufferU done
Event: 0.989 loading class sun/misc/Unsafe
Event: 0.989 loading class sun/misc/Unsafe done
Event: 0.991 loading class jdk/internal/reflect/UnsafeFieldAccessorFactory
Event: 0.992 loading class jdk/internal/reflect/UnsafeFieldAccessorFactory done
Event: 0.993 loading class jdk/internal/reflect/UnsafeQualifiedStaticObjectFieldAccessorImpl
Event: 0.993 loading class jdk/internal/reflect/UnsafeQualifiedStaticFieldAccessorImpl
Event: 0.993 loading class jdk/internal/reflect/UnsafeQualifiedStaticFieldAccessorImpl done
Event: 0.993 loading class jdk/internal/reflect/UnsafeQualifiedStaticObjectFieldAccessorImpl done
Event: 1.001 loading class java/math/MutableBigInteger
Event: 1.002 loading class java/math/MutableBigInteger done
Event: 1.002 loading class java/nio/BufferOverflowException
Event: 1.002 loading class java/nio/BufferOverflowException done
Event: 1.003 loading class java/nio/InvalidMarkException
Event: 1.003 loading class java/nio/InvalidMarkException done
Event: 1.003 loading class java/nio/BufferUnderflowException
Event: 1.003 loading class java/nio/BufferUnderflowException done
Event: 1.005 loading class java/lang/IndexOutOfBoundsException
Event: 1.005 loading class java/lang/IndexOutOfBoundsException done


Dynamic libraries:
0x00007fff6e945000 	/usr/lib/libz.1.dylib
0x0000000103104000 	/Users/user/Library/Java/JavaVirtualMachines/openjdk-14.0.2/Contents/Home/lib/libjli.dylib
0x00007fff34399000 	/System/Library/Frameworks/Cocoa.framework/Versions/A/Cocoa
0x00007fff41bda000 	/System/Library/Frameworks/Security.framework/Versions/A/Security
0x00007fff332fe000 	/System/Library/Frameworks/ApplicationServices.framework/Versions/A/ApplicationServices
0x00007fff6c37b000 	/usr/lib/libSystem.B.dylib
0x00007fff6f206000 	/usr/lib/system/libcache.dylib
0x00007fff6f20c000 	/usr/lib/system/libcommonCrypto.dylib
0x00007fff6f218000 	/usr/lib/system/libcompiler_rt.dylib
0x00007fff6f220000 	/usr/lib/system/libcopyfile.dylib
0x00007fff6f22a000 	/usr/lib/system/libcorecrypto.dylib
0x00007fff6f3c9000 	/usr/lib/system/libdispatch.dylib
0x00007fff6f40a000 	/usr/lib/system/libdyld.dylib
0x00007fff6f441000 	/usr/lib/system/libkeymgr.dylib
0x00007fff6f44f000 	/usr/lib/system/liblaunch.dylib
0x00007fff6f450000 	/usr/lib/system/libmacho.dylib
0x00007fff6f456000 	/usr/lib/system/libquarantine.dylib
0x00007fff6f459000 	/usr/lib/system/libremovefile.dylib
0x00007fff6f45b000 	/usr/lib/system/libsystem_asl.dylib
0x00007fff6f473000 	/usr/lib/system/libsystem_blocks.dylib
0x00007fff6f474000 	/usr/lib/system/libsystem_c.dylib
0x00007fff6f4fc000 	/usr/lib/system/libsystem_configuration.dylib
0x00007fff6f500000 	/usr/lib/system/libsystem_coreservices.dylib
0x00007fff6f504000 	/usr/lib/system/libsystem_darwin.dylib
0x00007fff6f50d000 	/usr/lib/system/libsystem_dnssd.dylib
0x00007fff6f515000 	/usr/lib/system/libsystem_featureflags.dylib
0x00007fff6f517000 	/usr/lib/system/libsystem_info.dylib
0x00007fff6f592000 	/usr/lib/system/libsystem_m.dylib
0x00007fff6f5de000 	/usr/lib/system/libsystem_malloc.dylib
0x00007fff6f606000 	/usr/lib/system/libsystem_networkextension.dylib
0x00007fff6f614000 	/usr/lib/system/libsystem_notify.dylib
0x00007fff6f632000 	/usr/lib/system/libsystem_sandbox.dylib
0x00007fff6f637000 	/usr/lib/system/libsystem_secinit.dylib
0x00007fff6f565000 	/usr/lib/system/libsystem_kernel.dylib
0x00007fff6f61e000 	/usr/lib/system/libsystem_platform.dylib
0x00007fff6f627000 	/usr/lib/system/libsystem_pthread.dylib
0x00007fff6f63a000 	/usr/lib/system/libsystem_symptoms.dylib
0x00007fff6f642000 	/usr/lib/system/libsystem_trace.dylib
0x00007fff6f65a000 	/usr/lib/system/libunwind.dylib
0x00007fff6f660000 	/usr/lib/system/libxpc.dylib
0x00007fff6e272000 	/usr/lib/libobjc.A.dylib
0x00007fff6c74a000 	/usr/lib/libc++abi.dylib
0x00007fff6c6f7000 	/usr/lib/libc++.1.dylib
0x00007fff3524c000 	/System/Library/Frameworks/CoreFoundation.framework/Versions/A/CoreFoundation
0x00007fff3792c000 	/System/Library/Frameworks/Foundation.framework/Versions/C/Foundation
0x00007fff324ee000 	/System/Library/Frameworks/AppKit.framework/Versions/C/AppKit
0x00007fff34d1d000 	/System/Library/Frameworks/CoreData.framework/Versions/A/CoreData
0x00007fff66376000 	/System/Library/PrivateFrameworks/UIFoundation.framework/Versions/A/UIFoundation
0x00007fff6140a000 	/System/Library/PrivateFrameworks/RemoteViewServices.framework/Versions/A/RemoteViewServices
0x00007fff68eeb000 	/System/Library/PrivateFrameworks/XCTTargetBootstrap.framework/Versions/A/XCTTargetBootstrap
0x00007fff35119000 	/System/Library/Frameworks/CoreDisplay.framework/Versions/A/CoreDisplay
0x00007fff3a7ea000 	/System/Library/Frameworks/Metal.framework/Versions/A/Metal
0x00007fff4f3f2000 	/System/Library/PrivateFrameworks/DesktopServicesPriv.framework/Versions/A/DesktopServicesPriv
0x00007fff6d54d000 	/usr/lib/liblangid.dylib
0x00007fff4e687000 	/System/Library/PrivateFrameworks/CoreSVG.framework/Versions/A/CoreSVG
0x00007fff64566000 	/System/Library/PrivateFrameworks/SkyLight.framework/Versions/A/SkyLight
0x00007fff356ce000 	/System/Library/Frameworks/CoreGraphics.framework/Versions/A/CoreGraphics
0x00007fff30e5d000 	/System/Library/Frameworks/Accelerate.framework/Versions/A/Accelerate
0x00007fff6e836000 	/usr/lib/libxml2.2.dylib
0x00007fff5a394000 	/System/Library/PrivateFrameworks/IconServices.framework/Versions/A/IconServices
0x00007fff3810b000 	/System/Library/Frameworks/IOSurface.framework/Versions/A/IOSurface
0x00007fff6bea5000 	/usr/lib/libDiagnosticMessagesClient.dylib
0x00007fff4f24c000 	/System/Library/PrivateFrameworks/DFRFoundation.framework/Versions/A/DFRFoundation
0x00007fff6d2dc000 	/usr/lib/libicucore.A.dylib
0x00007fff33630000 	/System/Library/Frameworks/AudioToolbox.framework/Versions/A/AudioToolbox
0x00007fff33713000 	/System/Library/Frameworks/AudioUnit.framework/Versions/A/AudioUnit
0x00007fff6c613000 	/usr/lib/libauto.dylib
0x00007fff4f2ee000 	/System/Library/PrivateFrameworks/DataDetectorsCore.framework/Versions/A/DataDetectorsCore
0x00007fff33eba000 	/System/Library/Frameworks/Carbon.framework/Versions/A/Frameworks/HIToolbox.framework/Versions/A/HIToolbox
0x00007fff40dd4000 	/System/Library/Frameworks/QuartzCore.framework/Versions/A/QuartzCore
0x00007fff341f9000 	/System/Library/Frameworks/Carbon.framework/Versions/A/Frameworks/SpeechRecognition.framework/Versions/A/SpeechRecognition
0x00007fff4ed60000 	/System/Library/PrivateFrameworks/CoreUI.framework/Versions/A/CoreUI
0x00007fff34788000 	/System/Library/Frameworks/CoreAudio.framework/Versions/A/CoreAudio
0x00007fff375eb000 	/System/Library/Frameworks/DiskArbitration.framework/Versions/A/DiskArbitration
0x00007fff5c3e4000 	/System/Library/PrivateFrameworks/MultitouchSupport.framework/Versions/A/MultitouchSupport
0x00007fff6d1a3000 	/usr/lib/libenergytrace.dylib
0x00007fff38065000 	/System/Library/Frameworks/IOKit.framework/Versions/A/IOKit
0x00007fff36657000 	/System/Library/Frameworks/CoreServices.framework/Versions/A/CoreServices
0x00007fff5e59d000 	/System/Library/PrivateFrameworks/PerformanceAnalysis.framework/Versions/A/PerformanceAnalysis
0x00007fff3fe07000 	/System/Library/Frameworks/OpenGL.framework/Versions/A/OpenGL
0x00007fff343a7000 	/System/Library/Frameworks/ColorSync.framework/Versions/A/ColorSync
0x00007fff35d73000 	/System/Library/Frameworks/CoreImage.framework/Versions/A/CoreImage
0x00007fff370ca000 	/System/Library/Frameworks/CoreText.framework/Versions/A/CoreText
0x00007fff3819b000 	/System/Library/Frameworks/ImageIO.framework/Versions/A/ImageIO
0x00007fff6c773000 	/usr/lib/libcompression.dylib
0x00007fff6c1e9000 	/usr/lib/libMobileGestalt.dylib
0x00007fff660e0000 	/System/Library/PrivateFrameworks/TextureIO.framework/Versions/A/TextureIO
0x00007fff6c4e0000 	/usr/lib/libate.dylib
0x00007fff5a59d000 	/System/Library/PrivateFrameworks/InternationalSupport.framework/Versions/A/InternationalSupport
0x00007fff6d54f000 	/usr/lib/liblzma.5.dylib
0x00007fff6d1ca000 	/usr/lib/libfakelink.dylib
0x00007fff6c46d000 	/usr/lib/libarchive.2.dylib
0x00007fff42c8b000 	/System/Library/Frameworks/SystemConfiguration.framework/Versions/A/SystemConfiguration
0x00007fff6bdd8000 	/usr/lib/libCRFSuite.dylib
0x00007fff33aaa000 	/System/Library/Frameworks/CFNetwork.framework/Versions/A/CFNetwork
0x00007fff6c6d9000 	/usr/lib/libbsm.0.dylib
0x00007fff6f442000 	/usr/lib/system/libkxld.dylib
0x00007fff48bc8000 	/System/Library/PrivateFrameworks/AppleFSCompression.framework/Versions/A/AppleFSCompression
0x00007fff6ca65000 	/usr/lib/libcoretls.dylib
0x00007fff6ca7c000 	/usr/lib/libcoretls_cfhelpers.dylib
0x00007fff6e2b7000 	/usr/lib/libpam.2.dylib
0x00007fff6e3ec000 	/usr/lib/libsqlite3.dylib
0x00007fff6e823000 	/usr/lib/libxar.1.dylib
0x00007fff6c6ea000 	/usr/lib/libbz2.1.0.dylib
0x00007fff6d1eb000 	/usr/lib/libiconv.2.dylib
0x00007fff6c760000 	/usr/lib/libcharset.1.dylib
0x00007fff6dd55000 	/usr/lib/libnetwork.dylib
0x00007fff6e2be000 	/usr/lib/libpcap.A.dylib
0x00007fff6c422000 	/usr/lib/libapple_nghttp2.dylib
0x00007fff36a0e000 	/System/Library/Frameworks/CoreServices.framework/Versions/A/Frameworks/FSEvents.framework/Versions/A/FSEvents
0x00007fff366de000 	/System/Library/Frameworks/CoreServices.framework/Versions/A/Frameworks/CarbonCore.framework/Versions/A/CarbonCore
0x00007fff36c52000 	/System/Library/Frameworks/CoreServices.framework/Versions/A/Frameworks/Metadata.framework/Versions/A/Metadata
0x00007fff36ceb000 	/System/Library/Frameworks/CoreServices.framework/Versions/A/Frameworks/OSServices.framework/Versions/A/OSServices
0x00007fff36d19000 	/System/Library/Frameworks/CoreServices.framework/Versions/A/Frameworks/SearchKit.framework/Versions/A/SearchKit
0x00007fff36658000 	/System/Library/Frameworks/CoreServices.framework/Versions/A/Frameworks/AE.framework/Versions/A/AE
0x00007fff36a17000 	/System/Library/Frameworks/CoreServices.framework/Versions/A/Frameworks/LaunchServices.framework/Versions/A/LaunchServices
0x00007fff369c0000 	/System/Library/Frameworks/CoreServices.framework/Versions/A/Frameworks/DictionaryServices.framework/Versions/A/DictionaryServices
0x00007fff36d81000 	/System/Library/Frameworks/CoreServices.framework/Versions/A/Frameworks/SharedFileList.framework/Versions/A/SharedFileList
0x00007fff3bc26000 	/System/Library/Frameworks/NetFS.framework/Versions/A/NetFS
0x00007fff5c914000 	/System/Library/PrivateFrameworks/NetAuth.framework/Versions/A/NetAuth
0x00007fff692b8000 	/System/Library/PrivateFrameworks/login.framework/Versions/A/Frameworks/loginsupport.framework/Versions/A/loginsupport
0x00007fff65bab000 	/System/Library/PrivateFrameworks/TCC.framework/Versions/A/TCC
0x00007fff4d7fa000 	/System/Library/PrivateFrameworks/CoreNLP.framework/Versions/A/CoreNLP
0x00007fff5be11000 	/System/Library/PrivateFrameworks/MetadataUtilities.framework/Versions/A/MetadataUtilities
0x00007fff6d627000 	/usr/lib/libmecabra.dylib
0x00007fff6d57f000 	/usr/lib/libmecab.dylib
0x00007fff6d1db000 	/usr/lib/libgermantok.dylib
0x00007fff6c409000 	/usr/lib/libThaiTokenizer.dylib
0x00007fff6be0f000 	/usr/lib/libChineseTokenizer.dylib
0x00007fff30e76000 	/System/Library/Frameworks/Accelerate.framework/Versions/A/Frameworks/vImage.framework/Versions/A/vImage
0x00007fff32344000 	/System/Library/Frameworks/Accelerate.framework/Versions/A/Frameworks/vecLib.framework/Versions/A/vecLib
0x00007fff321c5000 	/System/Library/Frameworks/Accelerate.framework/Versions/A/Frameworks/vecLib.framework/Versions/A/libvMisc.dylib
0x00007fff32032000 	/System/Library/Frameworks/Accelerate.framework/Versions/A/Frameworks/vecLib.framework/Versions/A/libvDSP.dylib
0x00007fff31712000 	/System/Library/Frameworks/Accelerate.framework/Versions/A/Frameworks/vecLib.framework/Versions/A/libBLAS.dylib
0x00007fff31bea000 	/System/Library/Frameworks/Accelerate.framework/Versions/A/Frameworks/vecLib.framework/Versions/A/libLAPACK.dylib
0x00007fff31f92000 	/System/Library/Frameworks/Accelerate.framework/Versions/A/Frameworks/vecLib.framework/Versions/A/libLinearAlgebra.dylib
0x00007fff3201f000 	/System/Library/Frameworks/Accelerate.framework/Versions/A/Frameworks/vecLib.framework/Versions/A/libSparseBLAS.dylib
0x00007fff31fa8000 	/System/Library/Frameworks/Accelerate.framework/Versions/A/Frameworks/vecLib.framework/Versions/A/libQuadrature.dylib
0x00007fff318a8000 	/System/Library/Frameworks/Accelerate.framework/Versions/A/Frameworks/vecLib.framework/Versions/A/libBNNS.dylib
0x00007fff31fae000 	/System/Library/Frameworks/Accelerate.framework/Versions/A/Frameworks/vecLib.framework/Versions/A/libSparse.dylib
0x00007fff5a985000 	/System/Library/PrivateFrameworks/LanguageModeling.framework/Versions/A/LanguageModeling
0x00007fff4d1aa000 	/System/Library/PrivateFrameworks/CoreEmoji.framework/Versions/A/CoreEmoji
0x00007fff5aaa3000 	/System/Library/PrivateFrameworks/LinguisticData.framework/Versions/A/LinguisticData
0x00007fff5aa54000 	/System/Library/PrivateFrameworks/Lexicon.framework/Versions/A/Lexicon
0x00007fff6c761000 	/usr/lib/libcmph.dylib
0x00007fff3e815000 	/System/Library/Frameworks/OpenDirectory.framework/Versions/A/Frameworks/CFOpenDirectory.framework/Versions/A/CFOpenDirectory
0x00007fff3e832000 	/System/Library/Frameworks/OpenDirectory.framework/Versions/A/OpenDirectory
0x00007fff46c75000 	/System/Library/PrivateFrameworks/APFS.framework/Versions/A/APFS
0x00007fff41f24000 	/System/Library/Frameworks/SecurityFoundation.framework/Versions/A/SecurityFoundation
0x00007fff6e81f000 	/usr/lib/libutil.dylib
0x00007fff4e6df000 	/System/Library/PrivateFrameworks/CoreServicesStore.framework/Versions/A/CoreServicesStore
0x00007fff41fdb000 	/System/Library/Frameworks/ServiceManagement.framework/Versions/A/ServiceManagement
0x00007fff4a398000 	/System/Library/PrivateFrameworks/BackgroundTaskManagement.framework/Versions/A/BackgroundTaskManagement
0x00007fff6e91c000 	/usr/lib/libxslt.1.dylib
0x00007fff4923b000 	/System/Library/PrivateFrameworks/AppleSystemInfo.framework/Versions/A/AppleSystemInfo
0x00007fff383b9000 	/System/Library/Frameworks/ImageIO.framework/Versions/A/Resources/libJPEG.dylib
0x00007fff38678000 	/System/Library/Frameworks/ImageIO.framework/Versions/A/Resources/libTIFF.dylib
0x00007fff3865b000 	/System/Library/Frameworks/ImageIO.framework/Versions/A/Resources/libPng.dylib
0x00007fff382fb000 	/System/Library/Frameworks/ImageIO.framework/Versions/A/Resources/libGIF.dylib
0x00007fff382ff000 	/System/Library/Frameworks/ImageIO.framework/Versions/A/Resources/libJP2.dylib
0x00007fff38676000 	/System/Library/Frameworks/ImageIO.framework/Versions/A/Resources/libRadiance.dylib
0x00007fff6d1a4000 	/usr/lib/libexpat.1.dylib
0x00007fff48d23000 	/System/Library/PrivateFrameworks/AppleJPEG.framework/Versions/A/AppleJPEG
0x00007fff519f5000 	/System/Library/PrivateFrameworks/FontServices.framework/libFontParser.dylib
0x00007fff682ba000 	/System/Library/PrivateFrameworks/WatchdogClient.framework/Versions/A/WatchdogClient
0x00007fff59fe0000 	/System/Library/PrivateFrameworks/IOAccelerator.framework/Versions/A/IOAccelerator
0x00007fff3ab85000 	/System/Library/Frameworks/MetalPerformanceShaders.framework/Versions/A/MetalPerformanceShaders
0x00007fff56770000 	/System/Library/PrivateFrameworks/GPUWrangler.framework/Versions/A/GPUWrangler
0x00007fff59ff5000 	/System/Library/PrivateFrameworks/IOPresentment.framework/Versions/A/IOPresentment
0x00007fff4f25f000 	/System/Library/PrivateFrameworks/DSExternalDisplay.framework/Versions/A/DSExternalDisplay
0x00007fff3f1a6000 	/System/Library/Frameworks/OpenGL.framework/Versions/A/Libraries/libCoreFSCache.dylib
0x00007fff3a8d1000 	/System/Library/Frameworks/MetalPerformanceShaders.framework/Frameworks/MPSCore.framework/Versions/A/MPSCore
0x00007fff3a90f000 	/System/Library/Frameworks/MetalPerformanceShaders.framework/Frameworks/MPSImage.framework/Versions/A/MPSImage
0x00007fff3a9d6000 	/System/Library/Frameworks/MetalPerformanceShaders.framework/Frameworks/MPSNeuralNetwork.framework/Versions/A/MPSNeuralNetwork
0x00007fff3a99a000 	/System/Library/Frameworks/MetalPerformanceShaders.framework/Frameworks/MPSMatrix.framework/Versions/A/MPSMatrix
0x00007fff3ab35000 	/System/Library/Frameworks/MetalPerformanceShaders.framework/Frameworks/MPSRayIntersector.framework/Versions/A/MPSRayIntersector
0x00007fff3a9c0000 	/System/Library/Frameworks/MetalPerformanceShaders.framework/Frameworks/MPSNDArray.framework/Versions/A/MPSNDArray
0x00007fff5be5e000 	/System/Library/PrivateFrameworks/MetalTools.framework/Versions/A/MetalTools
0x00007fff47e4f000 	/System/Library/PrivateFrameworks/AggregateDictionary.framework/Versions/A/AggregateDictionary
0x00007fff4cbf2000 	/System/Library/PrivateFrameworks/CoreAnalytics.framework/Versions/A/CoreAnalytics
0x00007fff4915a000 	/System/Library/PrivateFrameworks/AppleSauce.framework/Versions/A/AppleSauce
0x00007fff6c0cb000 	/usr/lib/libIOReport.dylib
0x00007fff37282000 	/System/Library/Frameworks/CoreVideo.framework/Versions/A/CoreVideo
0x00007fff57be9000 	/System/Library/PrivateFrameworks/GraphVisualizer.framework/Versions/A/GraphVisualizer
0x00007fff50f3b000 	/System/Library/PrivateFrameworks/FaceCore.framework/Versions/A/FaceCore
0x00007fff3e7bc000 	/System/Library/Frameworks/OpenCL.framework/Versions/A/OpenCL
0x00007fff6beed000 	/usr/lib/libFosl_dynamic.dylib
0x00007fff5d335000 	/System/Library/PrivateFrameworks/OTSVG.framework/Versions/A/OTSVG
0x00007fff33403000 	/System/Library/Frameworks/ApplicationServices.framework/Versions/A/Frameworks/ATS.framework/Versions/A/Resources/libFontRegistry.dylib
0x00007fff51bc4000 	/System/Library/PrivateFrameworks/FontServices.framework/libhvf.dylib
0x00007fff3f1b1000 	/System/Library/Frameworks/OpenGL.framework/Versions/A/Libraries/libGFXShared.dylib
0x00007fff3f38f000 	/System/Library/Frameworks/OpenGL.framework/Versions/A/Libraries/libGLU.dylib
0x00007fff3f1ba000 	/System/Library/Frameworks/OpenGL.framework/Versions/A/Libraries/libGL.dylib
0x00007fff3f1c5000 	/System/Library/Frameworks/OpenGL.framework/Versions/A/Libraries/libGLImage.dylib
0x00007fff3f1a3000 	/System/Library/Frameworks/OpenGL.framework/Versions/A/Libraries/libCVMSPluginSupport.dylib
0x00007fff3f1ac000 	/System/Library/Frameworks/OpenGL.framework/Versions/A/Libraries/libCoreVMClient.dylib
0x00007fff6dbf6000 	/usr/lib/libncurses.5.4.dylib
0x00007fff332ff000 	/System/Library/Frameworks/ApplicationServices.framework/Versions/A/Frameworks/ATS.framework/Versions/A/ATS
0x00007fff334cc000 	/System/Library/Frameworks/ApplicationServices.framework/Versions/A/Frameworks/ColorSyncLegacy.framework/Versions/A/ColorSyncLegacy
0x00007fff3356a000 	/System/Library/Frameworks/ApplicationServices.framework/Versions/A/Frameworks/HIServices.framework/Versions/A/HIServices
0x00007fff335c2000 	/System/Library/Frameworks/ApplicationServices.framework/Versions/A/Frameworks/LangAnalysis.framework/Versions/A/LangAnalysis
0x00007fff335d1000 	/System/Library/Frameworks/ApplicationServices.framework/Versions/A/Frameworks/PrintCore.framework/Versions/A/PrintCore
0x00007fff33617000 	/System/Library/Frameworks/ApplicationServices.framework/Versions/A/Frameworks/QD.framework/Versions/A/QD
0x00007fff33622000 	/System/Library/Frameworks/ApplicationServices.framework/Versions/A/Frameworks/SpeechSynthesis.framework/Versions/A/SpeechSynthesis
0x00007fff3349c000 	/System/Library/Frameworks/ApplicationServices.framework/Versions/A/Frameworks/ATSUI.framework/Versions/A/ATSUI
0x00007fff6d03a000 	/usr/lib/libcups.2.dylib
0x00007fff39c20000 	/System/Library/Frameworks/Kerberos.framework/Versions/A/Kerberos
0x00007fff37d5e000 	/System/Library/Frameworks/GSS.framework/Versions/A/GSS
0x00007fff6e378000 	/usr/lib/libresolv.9.dylib
0x00007fff57d96000 	/System/Library/PrivateFrameworks/Heimdal.framework/Versions/A/Heimdal
0x00007fff39c33000 	/System/Library/Frameworks/Kerberos.framework/Versions/A/Libraries/libHeimdalProxy.dylib
0x00007fff6d1e1000 	/usr/lib/libheimdal-asn1.dylib
0x00007fff4c08a000 	/System/Library/PrivateFrameworks/CommonAuth.framework/Versions/A/CommonAuth
0x00007fff492d8000 	/System/Library/PrivateFrameworks/AssertionServices.framework/Versions/A/AssertionServices
0x00007fff49e7b000 	/System/Library/PrivateFrameworks/AudioToolboxCore.framework/Versions/A/AudioToolboxCore
0x00007fff68f68000 	/System/Library/PrivateFrameworks/caulk.framework/Versions/A/caulk
0x00007fff4a444000 	/System/Library/PrivateFrameworks/BaseBoard.framework/Versions/A/BaseBoard
0x00007fff61598000 	/System/Library/PrivateFrameworks/RunningBoardServices.framework/Versions/A/RunningBoardServices
0x00007fff5e5a9000 	/System/Library/PrivateFrameworks/PersistentConnection.framework/Versions/A/PersistentConnection
0x00007fff60f91000 	/System/Library/PrivateFrameworks/ProtocolBuffer.framework/Versions/A/ProtocolBuffer
0x00007fff4c0ae000 	/System/Library/PrivateFrameworks/CommonUtilities.framework/Versions/A/CommonUtilities
0x00007fff4a5d2000 	/System/Library/PrivateFrameworks/Bom.framework/Versions/A/Bom
0x00007fff6bd9e000 	/usr/lib/libAudioToolboxUtility.dylib
0x00007fff4a3a2000 	/System/Library/PrivateFrameworks/Backup.framework/Versions/A/Backup
0x00007fff4f180000 	/System/Library/PrivateFrameworks/CrashReporterSupport.framework/Versions/A/CrashReporterSupport
0x00007fff6302a000 	/System/Library/PrivateFrameworks/Sharing.framework/Versions/A/Sharing
0x00007fff488e6000 	/System/Library/PrivateFrameworks/Apple80211.framework/Versions/A/Apple80211
0x00007fff4a0bf000 	/System/Library/PrivateFrameworks/AuthKit.framework/Versions/A/AuthKit
0x00007fff4ee8d000 	/System/Library/PrivateFrameworks/CoreUtils.framework/Versions/A/CoreUtils
0x00007fff372c7000 	/System/Library/Frameworks/CoreWLAN.framework/Versions/A/CoreWLAN
0x00007fff37eeb000 	/System/Library/Frameworks/IOBluetooth.framework/Versions/A/IOBluetooth
0x00007fff5c163000 	/System/Library/PrivateFrameworks/MobileKeyBag.framework/Versions/A/MobileKeyBag
0x00007fff4dc92000 	/System/Library/PrivateFrameworks/CorePhoneNumbers.framework/Versions/A/CorePhoneNumbers
0x00007fff48cd6000 	/System/Library/PrivateFrameworks/AppleIDAuthSupport.framework/Versions/A/AppleIDAuthSupport
0x00007fff3bc33000 	/System/Library/Frameworks/Network.framework/Versions/A/Network
0x00007fff5a831000 	/System/Library/PrivateFrameworks/KeychainCircle.framework/Versions/A/KeychainCircle
0x00007fff34ce4000 	/System/Library/Frameworks/CoreBluetooth.framework/Versions/A/CoreBluetooth
0x00007fff650a9000 	/System/Library/PrivateFrameworks/SpeechRecognitionCore.framework/Versions/A/SpeechRecognitionCore
0x0000000103a00000 	/Users/user/Library/Java/JavaVirtualMachines/openjdk-14.0.2/Contents/Home/lib/server/libjvm.dylib
0x0000000103124000 	/Users/user/Library/Java/JavaVirtualMachines/openjdk-14.0.2/Contents/Home/lib/libjimage.dylib
0x0000000103179000 	/Users/user/Library/Java/JavaVirtualMachines/openjdk-14.0.2/Contents/Home/lib/libjava.dylib
0x00000001031a0000 	/Users/user/Library/Java/JavaVirtualMachines/openjdk-14.0.2/Contents/Home/lib/libzip.dylib
0x0000000109d6f000 	/Users/user/Library/Java/JavaVirtualMachines/openjdk-14.0.2/Contents/Home/lib/libnio.dylib
0x0000000109d82000 	/Users/user/Library/Java/JavaVirtualMachines/openjdk-14.0.2/Contents/Home/lib/libnet.dylib
0x0000000109d9a000 	/private/var/folders/lp/kb7w61qx3zl0b5hr1z25xzb00000gn/T/lwjgluser/3.2.3-build-13/liblwjgl.dylib
0x0000000109dc2000 	/private/var/folders/lp/kb7w61qx3zl0b5hr1z25xzb00000gn/T/lwjgluser/3.2.3-build-13/libglfw.dylib
0x00007fff4e6ab000 	/System/Library/PrivateFrameworks/CoreServicesInternal.framework/Versions/A/CoreServicesInternal
0x00007fff377e6000 	/System/Library/Frameworks/FileProvider.framework/Versions/A/FileProvider
0x00007fff32345000 	/System/Library/Frameworks/Accounts.framework/Versions/A/Accounts
0x00007fff56a95000 	/System/Library/PrivateFrameworks/GenerationalStorage.framework/Versions/A/GenerationalStorage
0x00007fff4ec32000 	/System/Library/PrivateFrameworks/CoreSymbolication.framework/Versions/A/CoreSymbolication
0x00007fff658eb000 	/System/Library/PrivateFrameworks/SymptomDiagnosticReporter.framework/Versions/A/SymptomDiagnosticReporter
0x00007fff483ea000 	/System/Library/PrivateFrameworks/AppContainer.framework/Versions/A/AppContainer
0x00007fff6e392000 	/usr/lib/libsandbox.1.dylib
0x00007fff6725d000 	/System/Library/PrivateFrameworks/UserManagement.framework/Versions/A/UserManagement
0x00007fff4b18e000 	/System/Library/PrivateFrameworks/ChunkingLibrary.framework/Versions/A/ChunkingLibrary
0x00007fff4f3b4000 	/System/Library/PrivateFrameworks/DebugSymbols.framework/Versions/A/DebugSymbols
0x00007fff4845c000 	/System/Library/PrivateFrameworks/AppSandbox.framework/Versions/A/AppSandbox
0x00007fff62eb4000 	/System/Library/PrivateFrameworks/SecCodeWrapper.framework/Versions/A/SecCodeWrapper
0x00007fff6c1b3000 	/usr/lib/libMatch.1.dylib
0x00007fff30e5e000 	/System/Library/Frameworks/Accelerate.framework/Versions/A/Frameworks/vImage.framework/Versions/A/Libraries/libCGInterfaces.dylib
0x00007fff51b2c000 	/System/Library/PrivateFrameworks/FontServices.framework/libTrueTypeScaler.dylib


VM Arguments:
jvm_args: -Dfile.encoding=UTF-8 -Duser.country=CZ -Duser.language=en -Duser.variant 
java_command: cz.educanet.Main
java_class_path (initial): /Users/user/Documents/GitHub/MovingOpenGL/build/classes/java/main:/Users/user/Documents/GitHub/MovingOpenGL/build/resources/main:/Users/user/.gradle/caches/modules-2/files-2.1/org.lwjgl/lwjgl-assimp/3.2.3/f62aa07a20afbdd3097efc296c4841e0d29700eb/lwjgl-assimp-3.2.3.jar:/Users/user/.gradle/caches/modules-2/files-2.1/org.lwjgl/lwjgl-assimp/3.2.3/6efe40673c59667d5eb759c5a77e53e0f5abdb31/lwjgl-assimp-3.2.3-natives-macos.jar:/Users/user/.gradle/caches/modules-2/files-2.1/org.lwjgl/lwjgl-glfw/3.2.3/5e520d5c290c8b012545a8d34fa5db5ab051ea53/lwjgl-glfw-3.2.3.jar:/Users/user/.gradle/caches/modules-2/files-2.1/org.lwjgl/lwjgl-glfw/3.2.3/58661272eacb9116336c88b4aadccf1f17c09b/lwjgl-glfw-3.2.3-natives-macos.jar:/Users/user/.gradle/caches/modules-2/files-2.1/org.lwjgl/lwjgl-openal/3.2.3/106742e805803ab9eab8e343f0fb31a3d263903c/lwjgl-openal-3.2.3.jar:/Users/user/.gradle/caches/modules-2/files-2.1/org.lwjgl/lwjgl-openal/3.2.3/67ddd2a090589dfe6c4659d7f8b125b43f7b822b/lwjgl-openal-3.2.3-natives-macos.jar:/Users/user/.gradle/caches/modules-2/files-2.1/org.lwjgl/lwjgl-opengl/3.2.3/bdd534a323d0c8f54969b95e424b6ac8984f7d6e/lwjgl-opengl-3.2.3.jar:/Users/user/.gradle/caches/modules-2/files-2.1/org.lwjgl/lwjgl-opengl/3.2.3/efa3326c11336d3e74c9c8aeceb2420328d28e6b/lwjgl-opengl-3.2.3-natives-macos.jar:/Users/user/.gradle/caches/modules-2/files-2.1/org.lwjgl/lwjgl-stb/3.2.3/40eccaa4fa86fc815f2e17946a392fb5fdcc286a/lwjgl-stb-3.2.3.jar:/Users/user/.gradle/caches/modules-2/files-2.1/org.lwjgl/lwjgl-stb/3.2.3/7eed8caff57c3f795af2e2d0049c43a6e4d56474/lwjgl-stb-3.2.3-natives-macos.jar:/Users/user/.gradle/caches/modules-2/files-2.1/org.lwjgl/lwjgl/3.2.3/17a59ba0fe8d474ec9dbe0d5db40d2cfe59c4c08/lwjgl-3.2.3.jar:/Users/user/.gradle/caches/modules-2/files-2.1/org.lwjgl/lwjgl/3.2.3/35f506c5d368017a3cc5590da3d6d3a0760fb606/lwjgl-3.2.3-natives-macos.jar
Launcher Type: SUN_STANDARD

[Global flags]
     intx CICompilerCount                          = 3                                         {product} {ergonomic}
     uint ConcGCThreads                            = 1                                         {product} {ergonomic}
     uint G1ConcRefinementThreads                  = 4                                         {product} {ergonomic}
   size_t G1HeapRegionSize                         = 1048576                                   {product} {ergonomic}
    uintx GCDrainStackTargetSize                   = 64                                        {product} {ergonomic}
   size_t InitialHeapSize                          = 134217728                                 {product} {ergonomic}
   size_t MarkStackSize                            = 4194304                                   {product} {ergonomic}
   size_t MaxHeapSize                              = 2147483648                                {product} {ergonomic}
   size_t MaxNewSize                               = 1287651328                                {product} {ergonomic}
   size_t MinHeapDeltaBytes                        = 1048576                                   {product} {ergonomic}
   size_t MinHeapSize                              = 8388608                                   {product} {ergonomic}
    uintx NonNMethodCodeHeapSize                   = 5832780                                {pd product} {ergonomic}
    uintx NonProfiledCodeHeapSize                  = 122912730                              {pd product} {ergonomic}
    uintx ProfiledCodeHeapSize                     = 122912730                              {pd product} {ergonomic}
    uintx ReservedCodeCacheSize                    = 251658240                              {pd product} {ergonomic}
     bool SegmentedCodeCache                       = true                                      {product} {ergonomic}
   size_t SoftMaxHeapSize                          = 2147483648                             {manageable} {ergonomic}
     bool UseCompressedClassPointers               = true                                 {lp64_product} {ergonomic}
     bool UseCompressedOops                        = true                                 {lp64_product} {ergonomic}
     bool UseG1GC                                  = true                                      {product} {ergonomic}

Logging:
Log output configuration:
 #0: stdout all=warning uptime,level,tags
 #1: stderr all=off uptime,level,tags

Environment Variables:
PATH=/usr/local/bin:/usr/bin:/bin:/usr/sbin:/sbin:/usr/local/share/dotnet:~/.dotnet/tools:/Library/Apple/usr/bin:/Library/Frameworks/Mono.framework/Versions/Current/Commands
SHELL=/bin/zsh

Signal Handlers:
SIGSEGV: [libjvm.dylib+0x7415c8], sa_mask[0]=11111111011111110111111111111111, sa_flags=SA_ONSTACK|SA_RESTART|SA_SIGINFO
SIGBUS: [libjvm.dylib+0x7415c8], sa_mask[0]=11111111011111110111111111111111, sa_flags=SA_RESTART|SA_SIGINFO
SIGFPE: [libjvm.dylib+0x7415c8], sa_mask[0]=11111111011111110111111111111111, sa_flags=SA_RESTART|SA_SIGINFO
SIGPIPE: [libjvm.dylib+0x5eb4c1], sa_mask[0]=11111111011111110111111111111111, sa_flags=SA_RESTART|SA_SIGINFO
SIGXFSZ: [libjvm.dylib+0x5eb4c1], sa_mask[0]=11111111011111110111111111111111, sa_flags=SA_RESTART|SA_SIGINFO
SIGILL: [libjvm.dylib+0x7415c8], sa_mask[0]=11111111011111110111111111111111, sa_flags=SA_RESTART|SA_SIGINFO
SIGUSR2: [libjvm.dylib+0x5eba93], sa_mask[0]=00100000000000000000000000000000, sa_flags=SA_RESTART|SA_SIGINFO
SIGHUP: [libjvm.dylib+0x5eaaf5], sa_mask[0]=11111111011111110111111111111111, sa_flags=SA_RESTART|SA_SIGINFO
SIGINT: [libjvm.dylib+0x5eaaf5], sa_mask[0]=11111111011111110111111111111111, sa_flags=SA_RESTART|SA_SIGINFO
SIGTERM: [libjvm.dylib+0x5eaaf5], sa_mask[0]=11111111011111110111111111111111, sa_flags=SA_RESTART|SA_SIGINFO
SIGQUIT: [libjvm.dylib+0x5eaaf5], sa_mask[0]=11111111011111110111111111111111, sa_flags=SA_RESTART|SA_SIGINFO


---------------  S Y S T E M  ---------------

OS:uname:Darwin 19.6.0 Darwin Kernel Version 19.6.0: Tue Jan 12 22:13:05 PST 2021; root:xnu-6153.141.16~1/RELEASE_X86_64 x86_64
OS uptime: 0 days 2:00 hours
rlimit: STACK 8192k, CORE 0k, NPROC 1392, NOFILE 10240, AS infinity, DATA infinity, FSIZE infinity
load average:14.85 8.87 4.93

CPU:total 4 (initial active 4) (2 cores per cpu, 2 threads per core) family 6 model 58 stepping 9, cmov, cx8, fxsr, mmx, sse, sse2, sse3, ssse3, sse4.1, sse4.2, popcnt, avx, aes, clmul, erms, ht, tsc, tscinvbit, tscinv

Memory: 4k page, physical 8388608k(32928k free), swap 1048576k(863744k free)

vm_info: OpenJDK 64-Bit Server VM (14.0.2+12-46) for bsd-amd64 JRE (14.0.2+12-46), built on Jul  8 2020 23:34:30 by "mach5one" with clang 4.2.1 Compatible Apple LLVM 10.0.0 (clang-1000.11.45.5)

END.
